#
# There is insufficient memory for the Java Runtime Environment to continue.
# Native memory allocation (malloc) failed to allocate 969776 bytes for Chunk::new
# Possible reasons:
#   The system is out of physical RAM or swap space
#   The process is running with CompressedOops enabled, and the Java Heap may be blocking the growth of the native heap
# Possible solutions:
#   Reduce memory load on the system
#   Increase physical memory or swap space
#   Check if swap backing store is full
#   Decrease Java heap size (-Xmx/-Xms)
#   Decrease number of Java threads
#   Decrease Java thread stack sizes (-Xss)
#   Set larger code cache with -XX:ReservedCodeCacheSize=
#   JVM is running with Unscaled Compressed Oops mode in which the Java heap is
#     placed in the first 4GB address space. The Java Heap base address is the
#     maximum limit for the native heap growth. Please use -XX:HeapBaseMinAddress
#     to set the Java Heap base and to place the Java Heap above 4GB virtual address.
# This output file may be truncated or incomplete.
#
#  Out of Memory Error (arena.cpp:184), pid=24308, tid=1172
#
# JRE version: Java(TM) SE Runtime Environment (20.0.2+9) (build 20.0.2+9-78)
# Java VM: Java HotSpot(TM) 64-Bit Server VM (20.0.2+9-78, mixed mode, sharing, tiered, compressed oops, compressed class ptrs, g1 gc, windows-amd64)
# No core dump will be written. Minidumps are not enabled by default on client versions of Windows
#

---------------  S U M M A R Y ------------

Command Line: -Dfile.encoding=UTF-8 fincker.app.dashboardView

Host: AMD Athlon Gold 3150U with Radeon Graphics     , 4 cores, 3G,  Windows 11 , 64 bit Build 26100 (10.0.26100.7309)
Time: Tue Jan 13 11:28:02 2026 SE Asia Standard Time elapsed time: 4.161294 seconds (0d 0h 0m 4s)

---------------  T H R E A D  ---------------

Current thread (0x000001ec44299780):  JavaThread "C2 CompilerThread0" daemon [_thread_in_native, id=1172, stack(0x000000d2a8300000,0x000000d2a8400000)]


Current CompileTask:
C2:   4161 2382       4       javax.swing.plaf.nimbus.NimbusStyle::validate (1151 bytes)

Stack: [0x000000d2a8300000,0x000000d2a8400000]
Native frames: (J=compiled Java code, j=interpreted, Vv=VM code, C=native code)
V  [jvm.dll+0x6bc25a]
V  [jvm.dll+0x84971a]
V  [jvm.dll+0x84b315]
V  [jvm.dll+0x84ba13]
V  [jvm.dll+0x280e4f]
V  [jvm.dll+0xc2ab1]
V  [jvm.dll+0xc2dd5]
V  [jvm.dll+0x3bb64c]
V  [jvm.dll+0x1e7109]
V  [jvm.dll+0x24b67b]
V  [jvm.dll+0x24a921]
V  [jvm.dll+0x1ce761]
V  [jvm.dll+0x25a0eb]
V  [jvm.dll+0x2587c0]
V  [jvm.dll+0x3f2dd5]
V  [jvm.dll+0x7f5c76]
V  [jvm.dll+0x6baecb]
C  [ucrtbase.dll+0x37b0]
C  [KERNEL32.DLL+0x2e8d7]
C  [ntdll.dll+0x8c53c]


---------------  P R O C E S S  ---------------

Threads class SMR info:
_java_thread_list=0x000001ec8f454900, length=18, elements={
0x000001ec4427fa50, 0x000001ec442815a0, 0x000001ec442883a0, 0x000001ec44288ce0,
0x000001ec4428a330, 0x000001ec4428bbe0, 0x000001ec44299780, 0x000001ec4429ae60,
0x000001ec895a62f0, 0x000001ec895b8890, 0x000001ec897e4790, 0x000001ec897ead00,
0x000001ec897ebc40, 0x000001ec898a12e0, 0x000001ec27ada800, 0x000001ec8ac0f300,
0x000001ec8ac786f0, 0x000001ec8ac79190
}

Java Threads: ( => current thread )
  0x000001ec4427fa50 JavaThread "Reference Handler" daemon [_thread_blocked, id=5648, stack(0x000000d2a7d00000,0x000000d2a7e00000)]
  0x000001ec442815a0 JavaThread "Finalizer" daemon [_thread_blocked, id=13872, stack(0x000000d2a7e00000,0x000000d2a7f00000)]
  0x000001ec442883a0 JavaThread "Signal Dispatcher" daemon [_thread_blocked, id=5904, stack(0x000000d2a7f00000,0x000000d2a8000000)]
  0x000001ec44288ce0 JavaThread "Attach Listener" daemon [_thread_blocked, id=25340, stack(0x000000d2a8000000,0x000000d2a8100000)]
  0x000001ec4428a330 JavaThread "Service Thread" daemon [_thread_blocked, id=11556, stack(0x000000d2a8100000,0x000000d2a8200000)]
  0x000001ec4428bbe0 JavaThread "Monitor Deflation Thread" daemon [_thread_blocked, id=2264, stack(0x000000d2a8200000,0x000000d2a8300000)]
=>0x000001ec44299780 JavaThread "C2 CompilerThread0" daemon [_thread_in_native, id=1172, stack(0x000000d2a8300000,0x000000d2a8400000)]
  0x000001ec4429ae60 JavaThread "C1 CompilerThread0" daemon [_thread_blocked, id=17216, stack(0x000000d2a8400000,0x000000d2a8500000)]
  0x000001ec895a62f0 JavaThread "Notification Thread" daemon [_thread_blocked, id=9660, stack(0x000000d2a8500000,0x000000d2a8600000)]
  0x000001ec895b8890 JavaThread "Common-Cleaner" daemon [_thread_blocked, id=2980, stack(0x000000d2a8700000,0x000000d2a8800000)]
  0x000001ec897e4790 JavaThread "Java2D Disposer" daemon [_thread_blocked, id=8256, stack(0x000000d2a8800000,0x000000d2a8900000)]
  0x000001ec897ead00 JavaThread "AWT-Shutdown" [_thread_blocked, id=25196, stack(0x000000d2a8900000,0x000000d2a8a00000)]
  0x000001ec897ebc40 JavaThread "AWT-Windows" daemon [_thread_in_native, id=12924, stack(0x000000d2a8a00000,0x000000d2a8b00000)]
  0x000001ec898a12e0 JavaThread "AWT-EventQueue-0" [_thread_blocked, id=12776, stack(0x000000d2a8b00000,0x000000d2a8c00000)]
  0x000001ec27ada800 JavaThread "DestroyJavaVM" [_thread_blocked, id=12512, stack(0x000000d2a7600000,0x000000d2a7700000)]
  0x000001ec8ac0f300 JavaThread "Image Animator 3" daemon [_thread_blocked, id=21708, stack(0x000000d2a9200000,0x000000d2a9300000)]
  0x000001ec8ac786f0 JavaThread "TimerQueue" daemon [_thread_blocked, id=19788, stack(0x000000d2a9300000,0x000000d2a9400000)]
  0x000001ec8ac79190 JavaThread "D3D Screen Updater" daemon [_thread_in_native, id=19336, stack(0x000000d2a9800000,0x000000d2a9900000)]

Other Threads:
  0x000001ec27b9ece0 VMThread "VM Thread" [stack: 0x000000d2a7c00000,0x000000d2a7d00000] [id=18632]
  0x000001ec895a93c0 WatcherThread "VM Periodic Task Thread" [stack: 0x000000d2a8600000,0x000000d2a8700000] [id=21188]
  0x000001ec27b198c0 WorkerThread "GC Thread#0" [stack: 0x000000d2a7700000,0x000000d2a7800000] [id=15700]
  0x000001ec8adcee70 WorkerThread "GC Thread#1" [stack: 0x000000d2a9500000,0x000000d2a9600000] [id=20960]
  0x000001ec8adcf140 WorkerThread "GC Thread#2" [stack: 0x000000d2a9600000,0x000000d2a9700000] [id=1164]
  0x000001ec8adcf410 WorkerThread "GC Thread#3" [stack: 0x000000d2a9700000,0x000000d2a9800000] [id=24736]
  0x000001ec27b21650 ConcurrentGCThread "G1 Main Marker" [stack: 0x000000d2a7800000,0x000000d2a7900000] [id=13500]
  0x000001ec27b22ef0 WorkerThread "G1 Conc#0" [stack: 0x000000d2a7900000,0x000000d2a7a00000] [id=19344]
  0x000001ec27b7e030 ConcurrentGCThread "G1 Refine#0" [stack: 0x000000d2a7a00000,0x000000d2a7b00000] [id=24236]
  0x000001ec27b7f980 ConcurrentGCThread "G1 Service" [stack: 0x000000d2a7b00000,0x000000d2a7c00000] [id=24572]

Threads with active compile tasks:
C2 CompilerThread0     4228 2382       4       javax.swing.plaf.nimbus.NimbusStyle::validate (1151 bytes)

VM state: not at safepoint (normal execution)

VM Mutex/Monitor currently owned by a thread: None

Heap address: 0x00000000c8c00000, size: 884 MB, Compressed Oops mode: 32-bit

CDS archive(s) mapped at: [0x000001ec44400000-0x000001ec45060000-0x000001ec45060000), size 12976128, SharedBaseAddress: 0x000001ec44400000, ArchiveRelocationMode: 1.
Compressed class space mapped at: 0x000001ec45400000-0x000001ec85400000, reserved size: 1073741824
Narrow klass base: 0x000001ec44400000, Narrow klass shift: 0, Narrow klass range: 0x100000000

GC Precious Log:
 CardTable entry size: 512
 Card Set container configuration: InlinePtr #cards 5 size 8 Array Of Cards #cards 12 size 40 Howl #buckets 4 coarsen threshold 1843 Howl Bitmap #cards 512 size 80 coarsen threshold 460 Card regions per heap region 1 cards per card region 2048
 CPUs: 4 total, 4 available
 Memory: 3534M
 Large Page Support: Disabled
 NUMA Support: Disabled
 Compressed Oops: Enabled (32-bit)
 Heap Region Size: 1M
 Heap Min Capacity: 8M
 Heap Initial Capacity: 56M
 Heap Max Capacity: 884M
 Pre-touch: Disabled
 Parallel Workers: 4
 Concurrent Workers: 1
 Concurrent Refinement Workers: 4
 Periodic GC: Disabled

Heap:
 garbage-first heap   total 57344K, used 13372K [0x00000000c8c00000, 0x0000000100000000)
  region size 1024K, 6 young (6144K), 2 survivors (2048K)
 Metaspace       used 13376K, committed 13568K, reserved 1114112K
  class space    used 1478K, committed 1536K, reserved 1048576K

Heap Regions: E=young(eden), S=young(survivor), O=old, HS=humongous(starts), HC=humongous(continues), CS=collection set, F=free, OA=open archive, CA=closed archive, TAMS=top-at-mark-start, PB=parsable bottom
|   0|0x00000000c8c00000, 0x00000000c8d00000, 0x00000000c8d00000|100%|HS|  |TAMS 0x00000000c8c00000| PB 0x00000000c8c00000| Complete 
|   1|0x00000000c8d00000, 0x00000000c8d00000, 0x00000000c8e00000|  0%| F|  |TAMS 0x00000000c8d00000| PB 0x00000000c8d00000| Untracked 
|   2|0x00000000c8e00000, 0x00000000c8f00000, 0x00000000c8f00000|100%| O|  |TAMS 0x00000000c8e00000| PB 0x00000000c8e00000| Untracked 
|   3|0x00000000c8f00000, 0x00000000c9000000, 0x00000000c9000000|100%| O|  |TAMS 0x00000000c8f00000| PB 0x00000000c8f00000| Untracked 
|   4|0x00000000c9000000, 0x00000000c9100000, 0x00000000c9100000|100%|HS|  |TAMS 0x00000000c9000000| PB 0x00000000c9000000| Complete 
|   5|0x00000000c9100000, 0x00000000c9200000, 0x00000000c9200000|100%|HC|  |TAMS 0x00000000c9100000| PB 0x00000000c9100000| Complete 
|   6|0x00000000c9200000, 0x00000000c9300000, 0x00000000c9300000|100%|HC|  |TAMS 0x00000000c9200000| PB 0x00000000c9200000| Complete 
|   7|0x00000000c9300000, 0x00000000c9400000, 0x00000000c9400000|100%|HC|  |TAMS 0x00000000c9300000| PB 0x00000000c9300000| Complete 
|   8|0x00000000c9400000, 0x00000000c9500000, 0x00000000c9500000|100%| O|  |TAMS 0x00000000c9400000| PB 0x00000000c9400000| Untracked 
|   9|0x00000000c9500000, 0x00000000c95dca08, 0x00000000c9600000| 86%| O|  |TAMS 0x00000000c9500000| PB 0x00000000c9500000| Untracked 
|  10|0x00000000c9600000, 0x00000000c9600000, 0x00000000c9700000|  0%| F|  |TAMS 0x00000000c9600000| PB 0x00000000c9600000| Untracked 
|  11|0x00000000c9700000, 0x00000000c9700000, 0x00000000c9800000|  0%| F|  |TAMS 0x00000000c9700000| PB 0x00000000c9700000| Untracked 
|  12|0x00000000c9800000, 0x00000000c9800000, 0x00000000c9900000|  0%| F|  |TAMS 0x00000000c9800000| PB 0x00000000c9800000| Untracked 
|  13|0x00000000c9900000, 0x00000000c9900000, 0x00000000c9a00000|  0%| F|  |TAMS 0x00000000c9900000| PB 0x00000000c9900000| Untracked 
|  14|0x00000000c9a00000, 0x00000000c9a00000, 0x00000000c9b00000|  0%| F|  |TAMS 0x00000000c9a00000| PB 0x00000000c9a00000| Untracked 
|  15|0x00000000c9b00000, 0x00000000c9b00000, 0x00000000c9c00000|  0%| F|  |TAMS 0x00000000c9b00000| PB 0x00000000c9b00000| Untracked 
|  16|0x00000000c9c00000, 0x00000000c9c00000, 0x00000000c9d00000|  0%| F|  |TAMS 0x00000000c9c00000| PB 0x00000000c9c00000| Untracked 
|  17|0x00000000c9d00000, 0x00000000c9d00000, 0x00000000c9e00000|  0%| F|  |TAMS 0x00000000c9d00000| PB 0x00000000c9d00000| Untracked 
|  18|0x00000000c9e00000, 0x00000000c9e00000, 0x00000000c9f00000|  0%| F|  |TAMS 0x00000000c9e00000| PB 0x00000000c9e00000| Untracked 
|  19|0x00000000c9f00000, 0x00000000c9f00000, 0x00000000ca000000|  0%| F|  |TAMS 0x00000000c9f00000| PB 0x00000000c9f00000| Untracked 
|  20|0x00000000ca000000, 0x00000000ca000000, 0x00000000ca100000|  0%| F|  |TAMS 0x00000000ca000000| PB 0x00000000ca000000| Untracked 
|  21|0x00000000ca100000, 0x00000000ca100000, 0x00000000ca200000|  0%| F|  |TAMS 0x00000000ca100000| PB 0x00000000ca100000| Untracked 
|  22|0x00000000ca200000, 0x00000000ca200000, 0x00000000ca300000|  0%| F|  |TAMS 0x00000000ca200000| PB 0x00000000ca200000| Untracked 
|  23|0x00000000ca300000, 0x00000000ca300000, 0x00000000ca400000|  0%| F|  |TAMS 0x00000000ca300000| PB 0x00000000ca300000| Untracked 
|  24|0x00000000ca400000, 0x00000000ca400000, 0x00000000ca500000|  0%| F|  |TAMS 0x00000000ca400000| PB 0x00000000ca400000| Untracked 
|  25|0x00000000ca500000, 0x00000000ca500000, 0x00000000ca600000|  0%| F|  |TAMS 0x00000000ca500000| PB 0x00000000ca500000| Untracked 
|  26|0x00000000ca600000, 0x00000000ca600000, 0x00000000ca700000|  0%| F|  |TAMS 0x00000000ca600000| PB 0x00000000ca600000| Untracked 
|  27|0x00000000ca700000, 0x00000000ca700000, 0x00000000ca800000|  0%| F|  |TAMS 0x00000000ca700000| PB 0x00000000ca700000| Untracked 
|  28|0x00000000ca800000, 0x00000000ca800000, 0x00000000ca900000|  0%| F|  |TAMS 0x00000000ca800000| PB 0x00000000ca800000| Untracked 
|  29|0x00000000ca900000, 0x00000000ca900000, 0x00000000caa00000|  0%| F|  |TAMS 0x00000000ca900000| PB 0x00000000ca900000| Untracked 
|  30|0x00000000caa00000, 0x00000000caa00000, 0x00000000cab00000|  0%| F|  |TAMS 0x00000000caa00000| PB 0x00000000caa00000| Untracked 
|  31|0x00000000cab00000, 0x00000000cab00000, 0x00000000cac00000|  0%| F|  |TAMS 0x00000000cab00000| PB 0x00000000cab00000| Untracked 
|  32|0x00000000cac00000, 0x00000000cac00000, 0x00000000cad00000|  0%| F|  |TAMS 0x00000000cac00000| PB 0x00000000cac00000| Untracked 
|  33|0x00000000cad00000, 0x00000000cad00000, 0x00000000cae00000|  0%| F|  |TAMS 0x00000000cad00000| PB 0x00000000cad00000| Untracked 
|  34|0x00000000cae00000, 0x00000000cae00000, 0x00000000caf00000|  0%| F|  |TAMS 0x00000000cae00000| PB 0x00000000cae00000| Untracked 
|  35|0x00000000caf00000, 0x00000000caf00000, 0x00000000cb000000|  0%| F|  |TAMS 0x00000000caf00000| PB 0x00000000caf00000| Untracked 
|  36|0x00000000cb000000, 0x00000000cb000000, 0x00000000cb100000|  0%| F|  |TAMS 0x00000000cb000000| PB 0x00000000cb000000| Untracked 
|  37|0x00000000cb100000, 0x00000000cb100000, 0x00000000cb200000|  0%| F|  |TAMS 0x00000000cb100000| PB 0x00000000cb100000| Untracked 
|  38|0x00000000cb200000, 0x00000000cb200000, 0x00000000cb300000|  0%| F|  |TAMS 0x00000000cb200000| PB 0x00000000cb200000| Untracked 
|  39|0x00000000cb300000, 0x00000000cb332910, 0x00000000cb400000| 19%| S|CS|TAMS 0x00000000cb300000| PB 0x00000000cb300000| Complete 
|  40|0x00000000cb400000, 0x00000000cb500000, 0x00000000cb500000|100%| S|CS|TAMS 0x00000000cb400000| PB 0x00000000cb400000| Complete 
|  41|0x00000000cb500000, 0x00000000cb500000, 0x00000000cb600000|  0%| F|  |TAMS 0x00000000cb500000| PB 0x00000000cb500000| Untracked 
|  42|0x00000000cb600000, 0x00000000cb600000, 0x00000000cb700000|  0%| F|  |TAMS 0x00000000cb600000| PB 0x00000000cb600000| Untracked 
|  43|0x00000000cb700000, 0x00000000cb700000, 0x00000000cb800000|  0%| F|  |TAMS 0x00000000cb700000| PB 0x00000000cb700000| Untracked 
|  44|0x00000000cb800000, 0x00000000cb800000, 0x00000000cb900000|  0%| F|  |TAMS 0x00000000cb800000| PB 0x00000000cb800000| Untracked 
|  45|0x00000000cb900000, 0x00000000cb900000, 0x00000000cba00000|  0%| F|  |TAMS 0x00000000cb900000| PB 0x00000000cb900000| Untracked 
|  46|0x00000000cba00000, 0x00000000cba00000, 0x00000000cbb00000|  0%| F|  |TAMS 0x00000000cba00000| PB 0x00000000cba00000| Untracked 
|  47|0x00000000cbb00000, 0x00000000cbb00000, 0x00000000cbc00000|  0%| F|  |TAMS 0x00000000cbb00000| PB 0x00000000cbb00000| Untracked 
|  48|0x00000000cbc00000, 0x00000000cbc00000, 0x00000000cbd00000|  0%| F|  |TAMS 0x00000000cbc00000| PB 0x00000000cbc00000| Untracked 
|  49|0x00000000cbd00000, 0x00000000cbd00000, 0x00000000cbe00000|  0%| F|  |TAMS 0x00000000cbd00000| PB 0x00000000cbd00000| Untracked 
|  50|0x00000000cbe00000, 0x00000000cbe00000, 0x00000000cbf00000|  0%| F|  |TAMS 0x00000000cbe00000| PB 0x00000000cbe00000| Untracked 
|  51|0x00000000cbf00000, 0x00000000cbf00000, 0x00000000cc000000|  0%| F|  |TAMS 0x00000000cbf00000| PB 0x00000000cbf00000| Untracked 
|  52|0x00000000cc000000, 0x00000000cc0629a0, 0x00000000cc100000| 38%| E|  |TAMS 0x00000000cc000000| PB 0x00000000cc000000| Complete 
|  53|0x00000000cc100000, 0x00000000cc200000, 0x00000000cc200000|100%| E|CS|TAMS 0x00000000cc100000| PB 0x00000000cc100000| Complete 
|  54|0x00000000cc200000, 0x00000000cc300000, 0x00000000cc300000|100%| E|CS|TAMS 0x00000000cc200000| PB 0x00000000cc200000| Complete 
|  55|0x00000000cc300000, 0x00000000cc400000, 0x00000000cc400000|100%| E|CS|TAMS 0x00000000cc300000| PB 0x00000000cc300000| Complete 

Card table byte_map: [0x000001ec40b70000,0x000001ec40d30000] _byte_map_base: 0x000001ec4052a000

Marking Bits: (CMBitMap*) 0x000001ec27b19ef0
 Bits: [0x000001ec40ef0000, 0x000001ec41cc0000)

Polling page: 0x000001ec27a20000

Metaspace:

Usage:
  Non-class:     11.62 MB used.
      Class:      1.44 MB used.
       Both:     13.06 MB used.

Virtual space:
  Non-class space:       64.00 MB reserved,      11.75 MB ( 18%) committed,  1 nodes.
      Class space:        1.00 GB reserved,       1.50 MB ( <1%) committed,  1 nodes.
             Both:        1.06 GB reserved,      13.25 MB (  1%) committed. 

Chunk freelists:
   Non-Class:  252.00 KB
       Class:  2.51 MB
        Both:  2.75 MB

MaxMetaspaceSize: unlimited
CompressedClassSpaceSize: 1.00 GB
Initial GC threshold: 21.00 MB
Current GC threshold: 21.00 MB
CDS: on
MetaspaceReclaimPolicy: balanced
 - commit_granule_bytes: 65536.
 - commit_granule_words: 8192.
 - virtual_space_node_default_size: 8388608.
 - enlarge_chunks_in_place: 1.
 - new_chunks_are_fully_committed: 0.
 - uncommit_free_chunks: 1.
 - use_allocation_guard: 0.


Internal statistics:

num_allocs_failed_limit: 0.
num_arena_births: 168.
num_arena_deaths: 0.
num_vsnodes_births: 2.
num_vsnodes_deaths: 0.
num_space_committed: 212.
num_space_uncommitted: 0.
num_chunks_returned_to_freelist: 0.
num_chunks_taken_from_freelist: 240.
num_chunk_merges: 0.
num_chunk_splits: 138.
num_chunks_enlarged: 66.
num_inconsistent_stats: 0.

CodeHeap 'non-profiled nmethods': size=120000Kb used=897Kb max_used=897Kb free=119102Kb
 bounds [0x000001ec38e50000, 0x000001ec390c0000, 0x000001ec40380000]
CodeHeap 'profiled nmethods': size=120000Kb used=4654Kb max_used=4654Kb free=115345Kb
 bounds [0x000001ec31380000, 0x000001ec31810000, 0x000001ec388b0000]
CodeHeap 'non-nmethods': size=5760Kb used=1737Kb max_used=1771Kb free=4022Kb
 bounds [0x000001ec388b0000, 0x000001ec38b20000, 0x000001ec38e50000]
 total_blobs=3132 nmethods=2413 adapters=629
 compilation: enabled
              stopped_count=0, restarted_count=0
 full_count=0

Compilation events (20 events):
Event: 3.856 Thread 0x000001ec4429ae60 2396       3       sun.awt.SunToolkit::flushPendingEvents (19 bytes)
Event: 3.857 Thread 0x000001ec4429ae60 nmethod 2396 0x000001ec31802890 code [0x000001ec31802a40, 0x000001ec31802ce0]
Event: 3.911 Thread 0x000001ec4429ae60 2399       3       java.awt.AWTEvent::<init> (81 bytes)
Event: 3.912 Thread 0x000001ec4429ae60 nmethod 2399 0x000001ec31802e10 code [0x000001ec31802fe0, 0x000001ec31803488]
Event: 3.964 Thread 0x000001ec4429ae60 2400  s    3       java.awt.geom.Path2D$Float::lineTo (60 bytes)
Event: 3.965 Thread 0x000001ec4429ae60 nmethod 2400 0x000001ec31803610 code [0x000001ec318037c0, 0x000001ec31803b10]
Event: 3.965 Thread 0x000001ec4429ae60 2401       3       javax.swing.plaf.nimbus.NimbusDefaults::getStyle (171 bytes)
Event: 3.987 Thread 0x000001ec4429ae60 nmethod 2401 0x000001ec31803c90 code [0x000001ec31803f00, 0x000001ec31804b98]
Event: 3.987 Thread 0x000001ec4429ae60 2405       3       sun.java2d.pipe.RenderBuffer::put (91 bytes)
Event: 3.988 Thread 0x000001ec4429ae60 nmethod 2405 0x000001ec31804f10 code [0x000001ec318050e0, 0x000001ec318054c8]
Event: 3.988 Thread 0x000001ec4429ae60 2404       3       sun.java2d.pipe.BufferedTextPipe::createPackedParams (57 bytes)
Event: 3.988 Thread 0x000001ec4429ae60 nmethod 2404 0x000001ec31805710 code [0x000001ec318058a0, 0x000001ec31805b18]
Event: 3.988 Thread 0x000001ec4429ae60 2406       3       sun.font.GlyphList::dispose (48 bytes)
Event: 3.989 Thread 0x000001ec4429ae60 nmethod 2406 0x000001ec31805c10 code [0x000001ec31805dc0, 0x000001ec31806088]
Event: 3.989 Thread 0x000001ec4429ae60 2402       3       java.awt.EventQueue::eventToCacheIndex (80 bytes)
Event: 3.989 Thread 0x000001ec4429ae60 nmethod 2402 0x000001ec31806190 code [0x000001ec31806360, 0x000001ec31806938]
Event: 3.989 Thread 0x000001ec4429ae60 2403       1       java.awt.Component::isCoalescingEnabled (5 bytes)
Event: 3.990 Thread 0x000001ec4429ae60 nmethod 2403 0x000001ec38f30410 code [0x000001ec38f30580, 0x000001ec38f30650]
Event: 3.990 Thread 0x000001ec4429ae60 2407       3       java.util.concurrent.atomic.AtomicBoolean::set (14 bytes)
Event: 3.990 Thread 0x000001ec4429ae60 nmethod 2407 0x000001ec31806a10 code [0x000001ec31806ba0, 0x000001ec31806d10]

GC Heap History (4 events):
Event: 1.071 GC heap before
{Heap before GC invocations=0 (full 0):
 garbage-first heap   total 57344K, used 15360K [0x00000000c8c00000, 0x0000000100000000)
  region size 1024K, 13 young (13312K), 0 survivors (0K)
 Metaspace       used 11442K, committed 11712K, reserved 1114112K
  class space    used 1339K, committed 1472K, reserved 1048576K
}
Event: 1.078 GC heap after
{Heap after GC invocations=1 (full 0):
 garbage-first heap   total 57344K, used 4824K [0x00000000c8c00000, 0x0000000100000000)
  region size 1024K, 2 young (2048K), 2 survivors (2048K)
 Metaspace       used 11442K, committed 11712K, reserved 1114112K
  class space    used 1339K, committed 1472K, reserved 1048576K
}
Event: 3.552 GC heap before
{Heap before GC invocations=1 (full 0):
 garbage-first heap   total 57344K, used 22232K [0x00000000c8c00000, 0x0000000100000000)
  region size 1024K, 15 young (15360K), 2 survivors (2048K)
 Metaspace       used 13326K, committed 13568K, reserved 1114112K
  class space    used 1478K, committed 1536K, reserved 1048576K
}
Event: 3.559 GC heap after
{Heap after GC invocations=2 (full 0):
 garbage-first heap   total 57344K, used 10300K [0x00000000c8c00000, 0x0000000100000000)
  region size 1024K, 2 young (2048K), 2 survivors (2048K)
 Metaspace       used 13326K, committed 13568K, reserved 1114112K
  class space    used 1478K, committed 1536K, reserved 1048576K
}

Dll operation events (10 events):
Event: 0.011 Loaded shared library C:\Program Files\Java\jdk-20\bin\java.dll
Event: 0.031 Loaded shared library C:\Program Files\Java\jdk-20\bin\jsvml.dll
Event: 0.072 Loaded shared library C:\Program Files\Java\jdk-20\bin\net.dll
Event: 0.075 Loaded shared library C:\Program Files\Java\jdk-20\bin\nio.dll
Event: 0.078 Loaded shared library C:\Program Files\Java\jdk-20\bin\zip.dll
Event: 0.108 Loaded shared library C:\Program Files\Java\jdk-20\bin\jimage.dll
Event: 0.131 Loaded shared library C:\Program Files\Java\jdk-20\bin\awt.dll
Event: 0.296 Loaded shared library C:\Program Files\Java\jdk-20\bin\freetype.dll
Event: 0.297 Loaded shared library C:\Program Files\Java\jdk-20\bin\fontmanager.dll
Event: 0.699 Loaded shared library C:\Program Files\Java\jdk-20\bin\verify.dll

Deoptimization events (20 events):
Event: 2.110 Thread 0x000001ec898a12e0 DEOPT PACKING pc=0x000001ec316442a6 sp=0x000000d2a8bfbff0
Event: 2.110 Thread 0x000001ec898a12e0 DEOPT UNPACKING pc=0x000001ec3891a4c2 sp=0x000000d2a8bfb3d0 mode 0
Event: 2.127 Thread 0x000001ec898a12e0 DEOPT PACKING pc=0x000001ec31621be1 sp=0x000000d2a8bfc940
Event: 2.127 Thread 0x000001ec898a12e0 DEOPT UNPACKING pc=0x000001ec3891a4c2 sp=0x000000d2a8bfbd40 mode 0
Event: 2.129 Thread 0x000001ec898a12e0 DEOPT PACKING pc=0x000001ec316442a6 sp=0x000000d2a8bfc5f0
Event: 2.129 Thread 0x000001ec898a12e0 DEOPT UNPACKING pc=0x000001ec3891a4c2 sp=0x000000d2a8bfb9d0 mode 0
Event: 2.211 Thread 0x000001ec898a12e0 DEOPT PACKING pc=0x000001ec31621be1 sp=0x000000d2a8bfc9f0
Event: 2.211 Thread 0x000001ec898a12e0 DEOPT UNPACKING pc=0x000001ec3891a4c2 sp=0x000000d2a8bfbdf0 mode 0
Event: 2.837 Thread 0x000001ec898a12e0 DEOPT PACKING pc=0x000001ec316753ed sp=0x000000d2a8bfc1b0
Event: 2.837 Thread 0x000001ec898a12e0 DEOPT UNPACKING pc=0x000001ec3891a4c2 sp=0x000000d2a8bfb620 mode 0
Event: 2.894 Thread 0x000001ec898a12e0 DEOPT PACKING pc=0x000001ec316753ed sp=0x000000d2a8bfcae0
Event: 2.894 Thread 0x000001ec898a12e0 DEOPT UNPACKING pc=0x000001ec3891a4c2 sp=0x000000d2a8bfbf50 mode 0
Event: 2.923 Thread 0x000001ec8ac0f300 Uncommon trap: trap_request=0xffffff45 fr.pc=0x000001ec38f09234 relative=0x0000000000002334
Event: 2.923 Thread 0x000001ec8ac0f300 Uncommon trap: reason=unstable_if action=reinterpret pc=0x000001ec38f09234 method=sun.awt.image.GifImageDecoder.sendPixels(IIII[BLjava/awt/image/ColorModel;)I @ 155 c2
Event: 2.924 Thread 0x000001ec8ac0f300 DEOPT PACKING pc=0x000001ec38f09234 sp=0x000000d2a92fe950
Event: 2.924 Thread 0x000001ec8ac0f300 DEOPT UNPACKING pc=0x000001ec38919d22 sp=0x000000d2a92fe920 mode 2
Event: 3.162 Thread 0x000001ec8ac0f300 DEOPT PACKING pc=0x000001ec317861d7 sp=0x000000d2a92fe980
Event: 3.162 Thread 0x000001ec8ac0f300 DEOPT UNPACKING pc=0x000001ec3891a4c2 sp=0x000000d2a92fde18 mode 0
Event: 3.162 Thread 0x000001ec8ac0f300 DEOPT PACKING pc=0x000001ec317861d7 sp=0x000000d2a92fe980
Event: 3.162 Thread 0x000001ec8ac0f300 DEOPT UNPACKING pc=0x000001ec3891a4c2 sp=0x000000d2a92fde18 mode 0

Classes loaded (20 events):
Event: 2.149 Loading class java/awt/Container$EventTargetFilter done
Event: 2.149 Loading class java/awt/Container$MouseEventTargetFilter done
Event: 2.149 Loading class java/awt/LightweightDispatcher$1
Event: 2.150 Loading class java/awt/LightweightDispatcher$1 done
Event: 2.154 Loading class java/awt/event/MouseWheelEvent
Event: 2.154 Loading class java/awt/event/MouseWheelEvent done
Event: 2.154 Loading class java/awt/TextComponent
Event: 2.155 Loading class java/awt/TextComponent done
Event: 2.156 Loading class java/awt/KeyboardFocusManager$3
Event: 2.156 Loading class java/awt/KeyboardFocusManager$3 done
Event: 2.177 Loading class sun/awt/im/CompositionAreaHandler
Event: 2.178 Loading class sun/awt/im/CompositionAreaHandler done
Event: 2.178 Loading class java/text/AttributedString
Event: 2.178 Loading class java/text/AttributedString done
Event: 2.178 Loading class java/text/AttributedString$AttributedStringIterator
Event: 2.179 Loading class java/text/AttributedCharacterIterator
Event: 2.179 Loading class java/text/AttributedCharacterIterator done
Event: 2.179 Loading class java/text/AttributedString$AttributedStringIterator done
Event: 3.789 Loading class java/awt/LightweightDispatcher$2
Event: 3.790 Loading class java/awt/LightweightDispatcher$2 done

Classes unloaded (0 events):
No events

Classes redefined (0 events):
No events

Internal exceptions (20 events):
Event: 0.343 Thread 0x000001ec27ada800 Exception <a 'java/lang/ClassNotFoundException'{0x00000000cbfd9890}: javax/swing/JToolBarSeparator> (0x00000000cbfd9890) 
thrown [s\open\src\hotspot\share\classfile\systemDictionary.cpp, line 305]
Event: 0.343 Thread 0x000001ec27ada800 Exception <a 'java/lang/ClassNotFoundException'{0x00000000cbfd9ba0}: ToolBarSeparator> (0x00000000cbfd9ba0) 
thrown [s\open\src\hotspot\share\classfile\systemDictionary.cpp, line 305]
Event: 0.344 Thread 0x000001ec27ada800 Exception <a 'java/lang/ClassNotFoundException'{0x00000000cbfda0a8}: ToolTip> (0x00000000cbfda0a8) 
thrown [s\open\src\hotspot\share\classfile\systemDictionary.cpp, line 305]
Event: 0.345 Thread 0x000001ec27ada800 Exception <a 'java/lang/ClassNotFoundException'{0x00000000cbfda9e8}: Tree> (0x00000000cbfda9e8) 
thrown [s\open\src\hotspot\share\classfile\systemDictionary.cpp, line 305]
Event: 0.345 Thread 0x000001ec27ada800 Exception <a 'java/lang/ClassNotFoundException'{0x00000000cbfdaee0}: Tree> (0x00000000cbfdaee0) 
thrown [s\open\src\hotspot\share\classfile\systemDictionary.cpp, line 305]
Event: 0.345 Thread 0x000001ec27ada800 Exception <a 'java/lang/ClassNotFoundException'{0x00000000cbfdb250}: javax/swing/JTreeCell> (0x00000000cbfdb250) 
thrown [s\open\src\hotspot\share\classfile\systemDictionary.cpp, line 305]
Event: 0.345 Thread 0x000001ec27ada800 Exception <a 'java/lang/ClassNotFoundException'{0x00000000cbfdb558}: TreeCell> (0x00000000cbfdb558) 
thrown [s\open\src\hotspot\share\classfile\systemDictionary.cpp, line 305]
Event: 0.345 Thread 0x000001ec27ada800 Exception <a 'java/lang/ClassNotFoundException'{0x00000000cbfdbd00}: RootPane> (0x00000000cbfdbd00) 
thrown [s\open\src\hotspot\share\classfile\systemDictionary.cpp, line 305]
Event: 0.347 Thread 0x000001ec27ada800 Exception <a 'java/lang/ClassNotFoundException'{0x00000000cbfdeaa8}: com/sun/swing/internal/plaf/metal/resources/spi/metalProvider> (0x00000000cbfdeaa8) 
thrown [s\open\src\hotspot\share\classfile\systemDictionary.cpp, line 305]
Event: 0.348 Thread 0x000001ec27ada800 Exception <a 'java/lang/ClassNotFoundException'{0x00000000cbfe2758}: com/sun/swing/internal/plaf/basic/resources/spi/basicProvider> (0x00000000cbfe2758) 
thrown [s\open\src\hotspot\share\classfile\systemDictionary.cpp, line 305]
Event: 0.460 Thread 0x000001ec898a12e0 Exception <a 'java/lang/ClassNotFoundException'{0x00000000cbe5b2f0}: com/sun/swing/internal/plaf/synth/resources/spi/synthProvider> (0x00000000cbe5b2f0) 
thrown [s\open\src\hotspot\share\classfile\systemDictionary.cpp, line 305]
Event: 0.480 Thread 0x000001ec898a12e0 Exception <a 'java/lang/NoSuchMethodError'{0x00000000cbee1618}: 'int java.lang.invoke.Invokers$Holder.invokeExact_MT(java.lang.Object, java.lang.Object)'> (0x00000000cbee1618) 
thrown [s\open\src\hotspot\share\interpreter\linkResolver.cpp, line 773]
Event: 0.593 Thread 0x000001ec8ac0f300 Exception <a 'java/lang/NoSuchMethodError'{0x00000000cbb6ac90}: 'java.lang.Object java.lang.invoke.DirectMethodHandle$Holder.newInvokeSpecial(java.lang.Object, java.lang.Object, java.lang.Object, int, int, int, int, int)'> (0x00000000cbb6ac90) 
thrown [s\open\src\hotspot\share\interpreter\linkResolver.cpp, line 773]
Event: 0.620 Thread 0x000001ec8ac0f300 Exception <a 'java/lang/InterruptedException'{0x00000000cbadf1e0}: sleep interrupted> (0x00000000cbadf1e0) 
thrown [s\open\src\hotspot\share\prims\jvm.cpp, line 3064]
Event: 0.622 Thread 0x000001ec898a12e0 Exception <a 'java/lang/NoSuchMethodError'{0x00000000cbc69160}: 'java.lang.Object java.lang.invoke.DirectMethodHandle$Holder.newInvokeSpecial(java.lang.Object, java.lang.Object, int)'> (0x00000000cbc69160) 
thrown [s\open\src\hotspot\share\interpreter\linkResolver.cpp, line 773]
Event: 0.623 Thread 0x000001ec898a12e0 Exception <a 'java/lang/NoSuchMethodError'{0x00000000cbc6dc18}: 'int java.lang.invoke.DirectMethodHandle$Holder.invokeSpecial(java.lang.Object, java.lang.Object, java.lang.Object, int)'> (0x00000000cbc6dc18) 
thrown [s\open\src\hotspot\share\interpreter\linkResolver.cpp, line 773]
Event: 0.626 Thread 0x000001ec898a12e0 Exception <a 'java/lang/NoSuchMethodError'{0x00000000cbc801d8}: 'java.lang.Object java.lang.invoke.DirectMethodHandle$Holder.invokeStatic(java.lang.Object, java.lang.Object, java.lang.Object, java.lang.Object, int)'> (0x00000000cbc801d8) 
thrown [s\open\src\hotspot\share\interpreter\linkResolver.cpp, line 773]
Event: 0.628 Thread 0x000001ec898a12e0 Exception <a 'java/lang/NoSuchMethodError'{0x00000000cbae8b58}: 'int java.lang.invoke.DirectMethodHandle$Holder.invokeSpecial(java.lang.Object, java.lang.Object, java.lang.Object)'> (0x00000000cbae8b58) 
thrown [s\open\src\hotspot\share\interpreter\linkResolver.cpp, line 773]
Event: 0.941 Thread 0x000001ec897ebc40 Exception <a 'java/lang/NoSuchMethodError'{0x00000000cc00f820}: 'void java.lang.invoke.DirectMethodHandle$Holder.invokeVirtual(java.lang.Object, java.lang.Object)'> (0x00000000cc00f820) 
thrown [s\open\src\hotspot\share\interpreter\linkResolver.cpp, line 773]
Event: 0.959 Thread 0x000001ec898a12e0 Exception <a 'java/lang/NoSuchMethodError'{0x00000000cb793b78}: 'void java.lang.invoke.DirectMethodHandle$Holder.invokeStaticInit(java.lang.Object)'> (0x00000000cb793b78) 
thrown [s\open\src\hotspot\share\interpreter\linkResolver.cpp, line 773]

VM Operations (20 events):
Event: 0.869 Executing VM operation: ICBufferFull
Event: 0.869 Executing VM operation: ICBufferFull done
Event: 0.934 Executing VM operation: HandshakeAllThreads
Event: 0.934 Executing VM operation: HandshakeAllThreads done
Event: 1.071 Executing VM operation: G1CollectForAllocation
Event: 1.078 Executing VM operation: G1CollectForAllocation done
Event: 1.290 Executing VM operation: HandshakeAllThreads
Event: 1.290 Executing VM operation: HandshakeAllThreads done
Event: 1.332 Executing VM operation: HandshakeAllThreads
Event: 1.332 Executing VM operation: HandshakeAllThreads done
Event: 1.873 Executing VM operation: HandshakeAllThreads
Event: 1.873 Executing VM operation: HandshakeAllThreads done
Event: 1.881 Executing VM operation: HandshakeAllThreads
Event: 1.881 Executing VM operation: HandshakeAllThreads done
Event: 2.029 Executing VM operation: ICBufferFull
Event: 2.029 Executing VM operation: ICBufferFull done
Event: 3.034 Executing VM operation: Cleanup
Event: 3.034 Executing VM operation: Cleanup done
Event: 3.551 Executing VM operation: G1CollectForAllocation
Event: 3.559 Executing VM operation: G1CollectForAllocation done

Events (20 events):
Event: 0.031 Thread 0x000001ec27ada800 Thread added: 0x000001ec27ada800
Event: 0.045 Thread 0x000001ec4427fa50 Thread added: 0x000001ec4427fa50
Event: 0.045 Thread 0x000001ec442815a0 Thread added: 0x000001ec442815a0
Event: 0.046 Thread 0x000001ec442883a0 Thread added: 0x000001ec442883a0
Event: 0.046 Thread 0x000001ec44288ce0 Thread added: 0x000001ec44288ce0
Event: 0.046 Thread 0x000001ec4428a330 Thread added: 0x000001ec4428a330
Event: 0.046 Thread 0x000001ec4428bbe0 Thread added: 0x000001ec4428bbe0
Event: 0.046 Thread 0x000001ec44299780 Thread added: 0x000001ec44299780
Event: 0.046 Thread 0x000001ec4429ae60 Thread added: 0x000001ec4429ae60
Event: 0.066 Thread 0x000001ec895a62f0 Thread added: 0x000001ec895a62f0
Event: 0.068 Thread 0x000001ec895b8890 Thread added: 0x000001ec895b8890
Event: 0.198 Thread 0x000001ec897e4790 Thread added: 0x000001ec897e4790
Event: 0.199 Thread 0x000001ec897ead00 Thread added: 0x000001ec897ead00
Event: 0.202 Thread 0x000001ec897ebc40 Thread added: 0x000001ec897ebc40
Event: 0.360 Thread 0x000001ec898a12e0 Thread added: 0x000001ec898a12e0
Event: 0.360 Thread 0x000001ec27ada800 Thread exited: 0x000001ec27ada800
Event: 0.360 Thread 0x000001ec27ada800 Thread added: 0x000001ec27ada800
Event: 0.559 Thread 0x000001ec8ac0f300 Thread added: 0x000001ec8ac0f300
Event: 0.758 Thread 0x000001ec8ac786f0 Thread added: 0x000001ec8ac786f0
Event: 1.265 Thread 0x000001ec8ac79190 Thread added: 0x000001ec8ac79190


Dynamic libraries:
0x00007ff7357c0000 - 0x00007ff7357d0000 	C:\Program Files\Java\jdk-20\bin\java.exe
0x00007ff9bb6e0000 - 0x00007ff9bb947000 	C:\WINDOWS\SYSTEM32\ntdll.dll
0x00007ff9bb3c0000 - 0x00007ff9bb489000 	C:\WINDOWS\System32\KERNEL32.DLL
0x00007ff9b8bd0000 - 0x00007ff9b8fbf000 	C:\WINDOWS\System32\KERNELBASE.dll
0x00007ff9b9270000 - 0x00007ff9b93bb000 	C:\WINDOWS\System32\ucrtbase.dll
0x00007ff9ae6b0000 - 0x00007ff9ae6cb000 	C:\Program Files\Java\jdk-20\bin\VCRUNTIME140.dll
0x00007ff9a7f40000 - 0x00007ff9a7f59000 	C:\Program Files\Java\jdk-20\bin\jli.dll
0x00007ff9bb550000 - 0x00007ff9bb604000 	C:\WINDOWS\System32\ADVAPI32.dll
0x00007ff9ba6b0000 - 0x00007ff9ba759000 	C:\WINDOWS\System32\msvcrt.dll
0x00007ff9bb010000 - 0x00007ff9bb0b6000 	C:\WINDOWS\System32\sechost.dll
0x00007ff9b9a70000 - 0x00007ff9b9b88000 	C:\WINDOWS\System32\RPCRT4.dll
0x00007ff9b95d0000 - 0x00007ff9b9795000 	C:\WINDOWS\System32\USER32.dll
0x00007ff9a2ac0000 - 0x00007ff9a2d53000 	C:\WINDOWS\WinSxS\amd64_microsoft.windows.common-controls_6595b64144ccf1df_6.0.26100.7309_none_3e05feeae336a044\COMCTL32.dll
0x00007ff9b8fd0000 - 0x00007ff9b8ff7000 	C:\WINDOWS\System32\win32u.dll
0x00007ff9bafe0000 - 0x00007ff9bb00b000 	C:\WINDOWS\System32\GDI32.dll
0x00007ff9b90b0000 - 0x00007ff9b91dc000 	C:\WINDOWS\System32\gdi32full.dll
0x00007ff9b9000000 - 0x00007ff9b90a3000 	C:\WINDOWS\System32\msvcp_win.dll
0x00007ff9ae370000 - 0x00007ff9ae37b000 	C:\WINDOWS\SYSTEM32\VERSION.dll
0x00007ff9b9570000 - 0x00007ff9b95a1000 	C:\WINDOWS\System32\IMM32.DLL
0x00007ff9b0840000 - 0x00007ff9b084c000 	C:\Program Files\Java\jdk-20\bin\vcruntime140_1.dll
0x00007ff991b40000 - 0x00007ff991bce000 	C:\Program Files\Java\jdk-20\bin\msvcp140.dll
0x00007ff9261d0000 - 0x00007ff926e68000 	C:\Program Files\Java\jdk-20\bin\server\jvm.dll
0x00007ff9ae330000 - 0x00007ff9ae365000 	C:\WINDOWS\SYSTEM32\WINMM.dll
0x00007ff9b0850000 - 0x00007ff9b085a000 	C:\WINDOWS\SYSTEM32\WSOCK32.dll
0x00007ff9bb1c0000 - 0x00007ff9bb234000 	C:\WINDOWS\System32\WS2_32.dll
0x00007ff9b75e0000 - 0x00007ff9b75fb000 	C:\WINDOWS\SYSTEM32\kernel.appcore.dll
0x00007ff9aa810000 - 0x00007ff9aa81a000 	C:\Program Files\Java\jdk-20\bin\jimage.dll
0x00007ff9b5fe0000 - 0x00007ff9b6222000 	C:\WINDOWS\SYSTEM32\DBGHELP.DLL
0x00007ff9babf0000 - 0x00007ff9baf75000 	C:\WINDOWS\System32\combase.dll
0x00007ff9b9b90000 - 0x00007ff9b9c66000 	C:\WINDOWS\System32\OLEAUT32.dll
0x00007ff99f320000 - 0x00007ff99f35c000 	C:\WINDOWS\SYSTEM32\dbgcore.DLL
0x00007ff9b8830000 - 0x00007ff9b88d5000 	C:\WINDOWS\System32\bcryptPrimitives.dll
0x00007ff9a7fa0000 - 0x00007ff9a7fc6000 	C:\Program Files\Java\jdk-20\bin\java.dll
0x00007ff988060000 - 0x00007ff988137000 	C:\Program Files\Java\jdk-20\bin\jsvml.dll
0x00007ff9b9f50000 - 0x00007ff9ba6a3000 	C:\WINDOWS\System32\SHELL32.dll
0x00007ff9b88e0000 - 0x00007ff9b8a4a000 	C:\WINDOWS\System32\wintypes.dll
0x00007ff9b6470000 - 0x00007ff9b6cce000 	C:\WINDOWS\SYSTEM32\windows.storage.dll
0x00007ff9b9ca0000 - 0x00007ff9b9d95000 	C:\WINDOWS\System32\SHCORE.dll
0x00007ff9b97a0000 - 0x00007ff9b9806000 	C:\WINDOWS\System32\shlwapi.dll
0x00007ff9b8750000 - 0x00007ff9b8779000 	C:\WINDOWS\SYSTEM32\profapi.dll
0x00007ff9a7f80000 - 0x00007ff9a7f93000 	C:\Program Files\Java\jdk-20\bin\net.dll
0x00007ff9afc30000 - 0x00007ff9afd58000 	C:\WINDOWS\SYSTEM32\WINHTTP.dll
0x00007ff9b7b50000 - 0x00007ff9b7bbb000 	C:\WINDOWS\system32\mswsock.dll
0x00007ff9a7f60000 - 0x00007ff9a7f76000 	C:\Program Files\Java\jdk-20\bin\nio.dll
0x00007ff9a7f10000 - 0x00007ff9a7f28000 	C:\Program Files\Java\jdk-20\bin\zip.dll
0x00007ff978e10000 - 0x00007ff978fa1000 	C:\Program Files\Java\jdk-20\bin\awt.dll
0x00007ff9b3a70000 - 0x00007ff9b3b0f000 	C:\WINDOWS\SYSTEM32\apphelp.dll
0x00007ff9b5000000 - 0x00007ff9b50ab000 	C:\WINDOWS\system32\uxtheme.dll
0x00007ff9bb240000 - 0x00007ff9bb39e000 	C:\WINDOWS\System32\MSCTF.dll
0x00007ff9b9db0000 - 0x00007ff9b9f47000 	C:\WINDOWS\System32\ole32.dll
0x00007ff9b5a60000 - 0x00007ff9b5a90000 	C:\WINDOWS\system32\DWMAPI.DLL
0x00007ff991660000 - 0x00007ff9916e6000 	C:\Program Files\Java\jdk-20\bin\freetype.dll
0x00007ff97f730000 - 0x00007ff97f803000 	C:\Program Files\Java\jdk-20\bin\fontmanager.dll
0x00007ff96aea0000 - 0x00007ff96afb0000 	C:\WINDOWS\system32\opengl32.dll
0x00007ff9b0f80000 - 0x00007ff9b0fad000 	C:\WINDOWS\SYSTEM32\GLU32.dll
0x00007ff9b56b0000 - 0x00007ff9b56f4000 	C:\WINDOWS\SYSTEM32\dxcore.dll
0x00007ff96a450000 - 0x00007ff96a603000 	C:\WINDOWS\system32\d3d9.dll
0x00007ff9ae400000 - 0x00007ff9ae5b8000 	C:\WINDOWS\System32\DriverStore\FileRepository\u0379124.inf_amd64_8773bc065cfe07b7\B377477\aticfx64.dll
0x00007ff987fe0000 - 0x00007ff988014000 	C:\WINDOWS\System32\DriverStore\FileRepository\u0379124.inf_amd64_8773bc065cfe07b7\B377477\atiu9p64.dll
0x00007ff91e360000 - 0x00007ff91f0b4000 	C:\WINDOWS\System32\DriverStore\FileRepository\u0379124.inf_amd64_8773bc065cfe07b7\B377477\atiumd64.dll
0x0000000052d00000 - 0x0000000053b73000 	C:\WINDOWS\System32\DriverStore\FileRepository\u0379124.inf_amd64_8773bc065cfe07b7\B377477\atiumd6a.dll
0x00007ff9ba760000 - 0x00007ff9babea000 	C:\WINDOWS\System32\SETUPAPI.dll
0x00007ff9b86b0000 - 0x00007ff9b870e000 	C:\WINDOWS\SYSTEM32\POWRPROF.dll
0x00007ff9b8690000 - 0x00007ff9b86a4000 	C:\WINDOWS\SYSTEM32\UMPDC.dll
0x00007ff9abe80000 - 0x00007ff9abeb0000 	C:\WINDOWS\SYSTEM32\amdihk64.dll
0x00007ff9aef40000 - 0x00007ff9aefa3000 	C:\WINDOWS\SYSTEM32\directxdatabasehelper.dll
0x00007ff9a9d80000 - 0x00007ff9a9d90000 	C:\Program Files\Java\jdk-20\bin\verify.dll
0x00007ff9bb490000 - 0x00007ff9bb540000 	C:\WINDOWS\System32\clbcatq.dll
0x00007ff9b52e0000 - 0x00007ff9b5510000 	C:\WINDOWS\SYSTEM32\WindowsCodecs.dll
0x00007ff9a4a90000 - 0x00007ff9a4aea000 	C:\WINDOWS\system32\dataexchange.dll
0x00007ff9ab470000 - 0x00007ff9ab6b4000 	C:\WINDOWS\system32\twinapi.appcore.dll
0x00007ff9a7840000 - 0x00007ff9a7988000 	C:\WINDOWS\SYSTEM32\textinputframework.dll
0x00007ff9b2ce0000 - 0x00007ff9b2e07000 	C:\WINDOWS\SYSTEM32\CoreMessaging.dll
0x00007ff9ae8f0000 - 0x00007ff9aebd2000 	C:\WINDOWS\SYSTEM32\CoreUIComponents.dll
0x00007ff9b7e30000 - 0x00007ff9b7e3c000 	C:\WINDOWS\SYSTEM32\CRYPTBASE.DLL

dbghelp: loaded successfully - version: 4.0.5 - missing functions: none
symbol engine: initialized successfully - sym options: 0x614 - pdb path: .;C:\Program Files\Java\jdk-20\bin;C:\WINDOWS\SYSTEM32;C:\WINDOWS\WinSxS\amd64_microsoft.windows.common-controls_6595b64144ccf1df_6.0.26100.7309_none_3e05feeae336a044;C:\Program Files\Java\jdk-20\bin\server;C:\WINDOWS\System32\DriverStore\FileRepository\u0379124.inf_amd64_8773bc065cfe07b7\B377477

VM Arguments:
jvm_args: -Dfile.encoding=UTF-8 
java_command: fincker.app.dashboardView
java_class_path (initial): D:\Netbeans\NetBeans-17\netbeans\java\modules\ext\AbsoluteLayout.jar;C:\Users\USER\Downloads\jcalendar-1.4.jar;D:\NetBeans_Project\FinCker_App\build\classes
Launcher Type: SUN_STANDARD

[Global flags]
     intx CICompilerCount                          = 3                                         {product} {ergonomic}
     uint ConcGCThreads                            = 1                                         {product} {ergonomic}
     uint G1ConcRefinementThreads                  = 4                                         {product} {ergonomic}
   size_t G1HeapRegionSize                         = 1048576                                   {product} {ergonomic}
    uintx GCDrainStackTargetSize                   = 64                                        {product} {ergonomic}
   size_t InitialHeapSize                          = 58720256                                  {product} {ergonomic}
   size_t MarkStackSize                            = 4194304                                   {product} {ergonomic}
   size_t MaxHeapSize                              = 926941184                                 {product} {ergonomic}
   size_t MaxNewSize                               = 555745280                                 {product} {ergonomic}
   size_t MinHeapDeltaBytes                        = 1048576                                   {product} {ergonomic}
   size_t MinHeapSize                              = 8388608                                   {product} {ergonomic}
    uintx NonNMethodCodeHeapSize                   = 5832780                                {pd product} {ergonomic}
    uintx NonProfiledCodeHeapSize                  = 122912730                              {pd product} {ergonomic}
    uintx ProfiledCodeHeapSize                     = 122912730                              {pd product} {ergonomic}
    uintx ReservedCodeCacheSize                    = 251658240                              {pd product} {ergonomic}
     bool SegmentedCodeCache                       = true                                      {product} {ergonomic}
   size_t SoftMaxHeapSize                          = 926941184                              {manageable} {ergonomic}
     bool UseCompressedClassPointers               = true                           {product lp64_product} {ergonomic}
     bool UseCompressedOops                        = true                           {product lp64_product} {ergonomic}
     bool UseG1GC                                  = true                                      {product} {ergonomic}
     bool UseLargePagesIndividualAllocation        = false                                  {pd product} {ergonomic}

Logging:
Log output configuration:
 #0: stdout all=warning uptime,level,tags foldmultilines=false
 #1: stderr all=off uptime,level,tags foldmultilines=false

Environment Variables:
PATH=C:\Program Files\Common Files\Oracle\Java\javapath;C:\WINDOWS\system32;C:\WINDOWS;C:\WINDOWS\System32\Wbem;C:\WINDOWS\System32\WindowsPowerShell\v1.0\;C:\WINDOWS\System32\OpenSSH\;C:\Program Files\Git\cmd;C:\Program Files\MySQL\MySQL Server 8.0\bin;C:\xampp7\php;C:\xampp\php;C:\ProgramData\ComposerSetup\bin;C:\Users\USER\AppData\Local\Yarn\config\global\node_modules\.bin;C:\Users\USER\AppData\Roaming\Composer\vendor\bin;C:\Users\USER\AppData\Roaming\npm;D:\laragon\bin;D:\laragon\bin\apache\httpd-2.4.62-240718-win64-VS17\bin;D:\laragon\bin\composer;D:\laragon\bin\git\bin;D:\laragon\bin\git\cmd;D:\laragon\bin\git\mingw64\bin;D:\laragon\bin\git\usr\bin;D:\laragon\bin\laragon\utils;D:\laragon\bin\mysql\mysql-8.0.30-winx64\bin;D:\laragon\bin\nginx\nginx-1.22.0;D:\laragon\bin\ngrok;D:\laragon\bin\nodejs\node-v22.13.0;D:\laragon\bin\notepad++;D:\laragon\bin\php\php-8.3.10-Win32-vs16-x64;D:\laragon\bin\python\python-3.10;D:\laragon\bin\python\python-3.10\Scripts;D:\laragon\bin\redis\redis-x64-5.0.14.1;D:\laragon\bin\telnet;D:\laragon\usr\bin;C:\Users\USER\AppData\Local\Programs\Python\Python310\Scripts\;C:\Users\USER\AppData\Local\Programs\Python\Python310\;C:\Users\USER\AppData\Local\Microsoft\WindowsApps;C:\Users\USER\AppData\Local\Programs\Microsoft VS Code\bin;C:\Users\USER\AppData\Local\Microsoft\WinGet\Packages\Schniz.fnm_Microsoft.Winget.Source_8wekyb3d8bbwe;
USERNAME=USER
OS=Windows_NT
PROCESSOR_IDENTIFIER=AMD64 Family 23 Model 24 Stepping 1, AuthenticAMD
TMP=C:\Users\USER\AppData\Local\Temp
TEMP=C:\Users\USER\AppData\Local\Temp




---------------  S Y S T E M  ---------------

OS:
 Windows 11 , 64 bit Build 26100 (10.0.26100.7309)
OS uptime: 28 days 3:37 hours

CPU: total 4 (initial active 4) (4 cores per cpu, 2 threads per core) family 23 model 24 stepping 1 microcode 0x8108109, cx8, cmov, fxsr, ht, mmx, 3dnowpref, sse, sse2, sse3, ssse3, sse4a, sse4.1, sse4.2, popcnt, lzcnt, tsc, tscinvbit, avx, avx2, aes, clmul, bmi1, bmi2, adx, sha, fma, vzeroupper, clflush, clflushopt, rdtscp, f16c

Memory: 4k page, system-wide physical 3534M (167M free)
TotalPageFile size 14286M (AvailPageFile size 5M)
current process WorkingSet (physical memory assigned to process): 153M, peak: 155M
current process commit charge ("private bytes"): 250M, peak: 252M

vm_info: Java HotSpot(TM) 64-Bit Server VM (20.0.2+9-78) for windows-amd64 JRE (20.0.2+9-78), built on 2023-06-14T10:08:48Z by "mach5one" with MS VC++ 17.1 (VS2022)

END.
