#
# There is insufficient memory for the Java Runtime Environment to continue.
# Native memory allocation (malloc) failed to allocate 579056 bytes for Chunk::new
# Possible reasons:
#   The system is out of physical RAM or swap space
#   The process is running with CompressedOops enabled, and the Java Heap may be blocking the growth of the native heap
# Possible solutions:
#   Reduce memory load on the system
#   Increase physical memory or swap space
#   Check if swap backing store is full
#   Decrease Java heap size (-Xmx/-Xms)
#   Decrease number of Java threads
#   Decrease Java thread stack sizes (-Xss)
#   Set larger code cache with -XX:ReservedCodeCacheSize=
#   JVM is running with Unscaled Compressed Oops mode in which the Java heap is
#     placed in the first 4GB address space. The Java Heap base address is the
#     maximum limit for the native heap growth. Please use -XX:HeapBaseMinAddress
#     to set the Java Heap base and to place the Java Heap above 4GB virtual address.
# This output file may be truncated or incomplete.
#
#  Out of Memory Error (arena.cpp:184), pid=6696, tid=1436
#
# JRE version: Java(TM) SE Runtime Environment (20.0.2+9) (build 20.0.2+9-78)
# Java VM: Java HotSpot(TM) 64-Bit Server VM (20.0.2+9-78, mixed mode, sharing, tiered, compressed oops, compressed class ptrs, g1 gc, windows-amd64)
# No core dump will be written. Minidumps are not enabled by default on client versions of Windows
#

---------------  S U M M A R Y ------------

Command Line: -Dfile.encoding=UTF-8 fincker.app.dashboardView

Host: AMD Athlon Gold 3150U with Radeon Graphics     , 4 cores, 3G,  Windows 11 , 64 bit Build 26100 (10.0.26100.7309)
Time: Tue Jan 13 11:26:41 2026 SE Asia Standard Time elapsed time: 11.807067 seconds (0d 0h 0m 11s)

---------------  T H R E A D  ---------------

Current thread (0x000001b6e55e0110):  JavaThread "C2 CompilerThread0" daemon [_thread_in_native, id=1436, stack(0x00000054d8500000,0x00000054d8600000)]


Current CompileTask:
C2:  11807 3107       4       sun.java2d.pipe.BufferedContext::validate (575 bytes)

Stack: [0x00000054d8500000,0x00000054d8600000]
Native frames: (J=compiled Java code, j=interpreted, Vv=VM code, C=native code)
V  [jvm.dll+0x6bc25a]
V  [jvm.dll+0x84971a]
V  [jvm.dll+0x84b315]
V  [jvm.dll+0x84ba13]
V  [jvm.dll+0x280e4f]
V  [jvm.dll+0xc2ab1]
V  [jvm.dll+0xc2dd5]
V  [jvm.dll+0x3bb612]
V  [jvm.dll+0x385b75]
V  [jvm.dll+0x384fea]
V  [jvm.dll+0x24b529]
V  [jvm.dll+0x24a921]
V  [jvm.dll+0x1ce761]
V  [jvm.dll+0x25a0eb]
V  [jvm.dll+0x2587c0]
V  [jvm.dll+0x3f2dd5]
V  [jvm.dll+0x7f5c76]
V  [jvm.dll+0x6baecb]
C  [ucrtbase.dll+0x37b0]
C  [KERNEL32.DLL+0x2e8d7]
C  [ntdll.dll+0x8c53c]


---------------  P R O C E S S  ---------------

Threads class SMR info:
_java_thread_list=0x000001b6ef82fb00, length=18, elements={
0x000001b6e55d32e0, 0x000001b6e55d7950, 0x000001b6e55d99f0, 0x000001b6e55da360,
0x000001b6e55da8b0, 0x000001b6e55df5c0, 0x000001b6e55e0110, 0x000001b6e55e3fa0,
0x000001b6e989a550, 0x000001b6e98d0f40, 0x000001b6e9ade0a0, 0x000001b6e9b02470,
0x000001b6e9b035f0, 0x000001b6e9bce6f0, 0x000001b6c8e0c8d0, 0x000001b6eab0ed10,
0x000001b6eab11240, 0x000001b6eab10cf0
}

Java Threads: ( => current thread )
  0x000001b6e55d32e0 JavaThread "Reference Handler" daemon [_thread_blocked, id=18940, stack(0x00000054d7f00000,0x00000054d8000000)]
  0x000001b6e55d7950 JavaThread "Finalizer" daemon [_thread_blocked, id=8612, stack(0x00000054d8000000,0x00000054d8100000)]
  0x000001b6e55d99f0 JavaThread "Signal Dispatcher" daemon [_thread_blocked, id=5840, stack(0x00000054d8100000,0x00000054d8200000)]
  0x000001b6e55da360 JavaThread "Attach Listener" daemon [_thread_blocked, id=21568, stack(0x00000054d8200000,0x00000054d8300000)]
  0x000001b6e55da8b0 JavaThread "Service Thread" daemon [_thread_blocked, id=12212, stack(0x00000054d8300000,0x00000054d8400000)]
  0x000001b6e55df5c0 JavaThread "Monitor Deflation Thread" daemon [_thread_blocked, id=9644, stack(0x00000054d8400000,0x00000054d8500000)]
=>0x000001b6e55e0110 JavaThread "C2 CompilerThread0" daemon [_thread_in_native, id=1436, stack(0x00000054d8500000,0x00000054d8600000)]
  0x000001b6e55e3fa0 JavaThread "C1 CompilerThread0" daemon [_thread_blocked, id=22288, stack(0x00000054d8600000,0x00000054d8700000)]
  0x000001b6e989a550 JavaThread "Notification Thread" daemon [_thread_blocked, id=24920, stack(0x00000054d8700000,0x00000054d8800000)]
  0x000001b6e98d0f40 JavaThread "Common-Cleaner" daemon [_thread_blocked, id=10832, stack(0x00000054d8900000,0x00000054d8a00000)]
  0x000001b6e9ade0a0 JavaThread "Java2D Disposer" daemon [_thread_blocked, id=18820, stack(0x00000054d8a00000,0x00000054d8b00000)]
  0x000001b6e9b02470 JavaThread "AWT-Shutdown" [_thread_blocked, id=9260, stack(0x00000054d8b00000,0x00000054d8c00000)]
  0x000001b6e9b035f0 JavaThread "AWT-Windows" daemon [_thread_in_native, id=1956, stack(0x00000054d8c00000,0x00000054d8d00000)]
  0x000001b6e9bce6f0 JavaThread "AWT-EventQueue-0" [_thread_in_native, id=17708, stack(0x00000054d8d00000,0x00000054d8e00000)]
  0x000001b6c8e0c8d0 JavaThread "DestroyJavaVM" [_thread_blocked, id=13744, stack(0x00000054d7800000,0x00000054d7900000)]
  0x000001b6eab0ed10 JavaThread "Image Animator 3" daemon [_thread_blocked, id=17364, stack(0x00000054d9400000,0x00000054d9500000)]
  0x000001b6eab11240 JavaThread "TimerQueue" daemon [_thread_blocked, id=5148, stack(0x00000054d9500000,0x00000054d9600000)]
  0x000001b6eab10cf0 JavaThread "D3D Screen Updater" daemon [_thread_blocked, id=21684, stack(0x00000054d9a00000,0x00000054d9b00000)]

Other Threads:
  0x000001b6c8eceba0 VMThread "VM Thread" [stack: 0x00000054d7e00000,0x00000054d7f00000] [id=7260]
  0x000001b6e98ccad0 WatcherThread "VM Periodic Task Thread" [stack: 0x00000054d8800000,0x00000054d8900000] [id=2552]
  0x000001b6c8e48790 WorkerThread "GC Thread#0" [stack: 0x00000054d7900000,0x00000054d7a00000] [id=24304]
  0x000001b6eafe40b0 WorkerThread "GC Thread#1" [stack: 0x00000054d9700000,0x00000054d9800000] [id=2216]
  0x000001b6eafe4380 WorkerThread "GC Thread#2" [stack: 0x00000054d9800000,0x00000054d9900000] [id=23456]
  0x000001b6eb135690 WorkerThread "GC Thread#3" [stack: 0x00000054d9900000,0x00000054d9a00000] [id=23436]
  0x000001b6c8e50520 ConcurrentGCThread "G1 Main Marker" [stack: 0x00000054d7a00000,0x00000054d7b00000] [id=8132]
  0x000001b6c8e53410 WorkerThread "G1 Conc#0" [stack: 0x00000054d7b00000,0x00000054d7c00000] [id=12832]
  0x000001b6c8ea9aa0 ConcurrentGCThread "G1 Refine#0" [stack: 0x00000054d7c00000,0x00000054d7d00000] [id=22272]
  0x000001b6c8ea9ff0 ConcurrentGCThread "G1 Service" [stack: 0x00000054d7d00000,0x00000054d7e00000] [id=23524]

Threads with active compile tasks:
C2 CompilerThread0    11882 3107       4       sun.java2d.pipe.BufferedContext::validate (575 bytes)

VM state: not at safepoint (normal execution)

VM Mutex/Monitor currently owned by a thread: None

Heap address: 0x00000000c8c00000, size: 884 MB, Compressed Oops mode: 32-bit

CDS archive(s) mapped at: [0x000001b680000000-0x000001b680c60000-0x000001b680c60000), size 12976128, SharedBaseAddress: 0x000001b680000000, ArchiveRelocationMode: 1.
Compressed class space mapped at: 0x000001b681000000-0x000001b6c1000000, reserved size: 1073741824
Narrow klass base: 0x000001b680000000, Narrow klass shift: 0, Narrow klass range: 0x100000000

GC Precious Log:
 CardTable entry size: 512
 Card Set container configuration: InlinePtr #cards 5 size 8 Array Of Cards #cards 12 size 40 Howl #buckets 4 coarsen threshold 1843 Howl Bitmap #cards 512 size 80 coarsen threshold 460 Card regions per heap region 1 cards per card region 2048
 CPUs: 4 total, 4 available
 Memory: 3534M
 Large Page Support: Disabled
 NUMA Support: Disabled
 Compressed Oops: Enabled (32-bit)
 Heap Region Size: 1M
 Heap Min Capacity: 8M
 Heap Initial Capacity: 56M
 Heap Max Capacity: 884M
 Pre-touch: Disabled
 Parallel Workers: 4
 Concurrent Workers: 1
 Concurrent Refinement Workers: 4
 Periodic GC: Disabled

Heap:
 garbage-first heap   total 57344K, used 35009K [0x00000000c8c00000, 0x0000000100000000)
  region size 1024K, 28 young (28672K), 2 survivors (2048K)
 Metaspace       used 14059K, committed 14272K, reserved 1114112K
  class space    used 1562K, committed 1664K, reserved 1048576K

Heap Regions: E=young(eden), S=young(survivor), O=old, HS=humongous(starts), HC=humongous(continues), CS=collection set, F=free, OA=open archive, CA=closed archive, TAMS=top-at-mark-start, PB=parsable bottom
|   0|0x00000000c8c00000, 0x00000000c8c00000, 0x00000000c8d00000|  0%| F|  |TAMS 0x00000000c8c00000| PB 0x00000000c8c00000| Untracked 
|   1|0x00000000c8d00000, 0x00000000c8e00000, 0x00000000c8e00000|100%|HS|  |TAMS 0x00000000c8d00000| PB 0x00000000c8d00000| Complete 
|   2|0x00000000c8e00000, 0x00000000c8f00000, 0x00000000c8f00000|100%| O|  |TAMS 0x00000000c8e00000| PB 0x00000000c8e00000| Untracked 
|   3|0x00000000c8f00000, 0x00000000c9000000, 0x00000000c9000000|100%| O|  |TAMS 0x00000000c8f00000| PB 0x00000000c8f00000| Untracked 
|   4|0x00000000c9000000, 0x00000000c9100000, 0x00000000c9100000|100%|HS|  |TAMS 0x00000000c9000000| PB 0x00000000c9000000| Complete 
|   5|0x00000000c9100000, 0x00000000c9200000, 0x00000000c9200000|100%|HC|  |TAMS 0x00000000c9100000| PB 0x00000000c9100000| Complete 
|   6|0x00000000c9200000, 0x00000000c9300000, 0x00000000c9300000|100%|HC|  |TAMS 0x00000000c9200000| PB 0x00000000c9200000| Complete 
|   7|0x00000000c9300000, 0x00000000c9400000, 0x00000000c9400000|100%|HC|  |TAMS 0x00000000c9300000| PB 0x00000000c9300000| Complete 
|   8|0x00000000c9400000, 0x00000000c9500000, 0x00000000c9500000|100%| O|  |TAMS 0x00000000c9400000| PB 0x00000000c9400000| Untracked 
|   9|0x00000000c9500000, 0x00000000c95cb400, 0x00000000c9600000| 79%| O|  |TAMS 0x00000000c9500000| PB 0x00000000c9500000| Untracked 
|  10|0x00000000c9600000, 0x00000000c9600000, 0x00000000c9700000|  0%| F|  |TAMS 0x00000000c9600000| PB 0x00000000c9600000| Untracked 
|  11|0x00000000c9700000, 0x00000000c9700000, 0x00000000c9800000|  0%| F|  |TAMS 0x00000000c9700000| PB 0x00000000c9700000| Untracked 
|  12|0x00000000c9800000, 0x00000000c9800000, 0x00000000c9900000|  0%| F|  |TAMS 0x00000000c9800000| PB 0x00000000c9800000| Untracked 
|  13|0x00000000c9900000, 0x00000000c9900000, 0x00000000c9a00000|  0%| F|  |TAMS 0x00000000c9900000| PB 0x00000000c9900000| Untracked 
|  14|0x00000000c9a00000, 0x00000000c9a00000, 0x00000000c9b00000|  0%| F|  |TAMS 0x00000000c9a00000| PB 0x00000000c9a00000| Untracked 
|  15|0x00000000c9b00000, 0x00000000c9b00000, 0x00000000c9c00000|  0%| F|  |TAMS 0x00000000c9b00000| PB 0x00000000c9b00000| Untracked 
|  16|0x00000000c9c00000, 0x00000000c9c00000, 0x00000000c9d00000|  0%| F|  |TAMS 0x00000000c9c00000| PB 0x00000000c9c00000| Untracked 
|  17|0x00000000c9d00000, 0x00000000c9d00000, 0x00000000c9e00000|  0%| F|  |TAMS 0x00000000c9d00000| PB 0x00000000c9d00000| Untracked 
|  18|0x00000000c9e00000, 0x00000000c9e00000, 0x00000000c9f00000|  0%| F|  |TAMS 0x00000000c9e00000| PB 0x00000000c9e00000| Untracked 
|  19|0x00000000c9f00000, 0x00000000c9f00000, 0x00000000ca000000|  0%| F|  |TAMS 0x00000000c9f00000| PB 0x00000000c9f00000| Untracked 
|  20|0x00000000ca000000, 0x00000000ca000000, 0x00000000ca100000|  0%| F|  |TAMS 0x00000000ca000000| PB 0x00000000ca000000| Untracked 
|  21|0x00000000ca100000, 0x00000000ca100000, 0x00000000ca200000|  0%| F|  |TAMS 0x00000000ca100000| PB 0x00000000ca100000| Untracked 
|  22|0x00000000ca200000, 0x00000000ca200000, 0x00000000ca300000|  0%| F|  |TAMS 0x00000000ca200000| PB 0x00000000ca200000| Untracked 
|  23|0x00000000ca300000, 0x00000000ca300000, 0x00000000ca400000|  0%| F|  |TAMS 0x00000000ca300000| PB 0x00000000ca300000| Untracked 
|  24|0x00000000ca400000, 0x00000000ca400000, 0x00000000ca500000|  0%| F|  |TAMS 0x00000000ca400000| PB 0x00000000ca400000| Untracked 
|  25|0x00000000ca500000, 0x00000000ca500000, 0x00000000ca600000|  0%| F|  |TAMS 0x00000000ca500000| PB 0x00000000ca500000| Untracked 
|  26|0x00000000ca600000, 0x00000000ca600000, 0x00000000ca700000|  0%| F|  |TAMS 0x00000000ca600000| PB 0x00000000ca600000| Untracked 
|  27|0x00000000ca700000, 0x00000000ca700000, 0x00000000ca800000|  0%| F|  |TAMS 0x00000000ca700000| PB 0x00000000ca700000| Untracked 
|  28|0x00000000ca800000, 0x00000000ca8eea40, 0x00000000ca900000| 93%| E|  |TAMS 0x00000000ca800000| PB 0x00000000ca800000| Complete 
|  29|0x00000000ca900000, 0x00000000caa00000, 0x00000000caa00000|100%| E|CS|TAMS 0x00000000ca900000| PB 0x00000000ca900000| Complete 
|  30|0x00000000caa00000, 0x00000000cab00000, 0x00000000cab00000|100%| E|CS|TAMS 0x00000000caa00000| PB 0x00000000caa00000| Complete 
|  31|0x00000000cab00000, 0x00000000cac00000, 0x00000000cac00000|100%| E|CS|TAMS 0x00000000cab00000| PB 0x00000000cab00000| Complete 
|  32|0x00000000cac00000, 0x00000000cac65250, 0x00000000cad00000| 39%| S|CS|TAMS 0x00000000cac00000| PB 0x00000000cac00000| Complete 
|  33|0x00000000cad00000, 0x00000000cae00000, 0x00000000cae00000|100%| S|CS|TAMS 0x00000000cad00000| PB 0x00000000cad00000| Complete 
|  34|0x00000000cae00000, 0x00000000caf00000, 0x00000000caf00000|100%| E|CS|TAMS 0x00000000cae00000| PB 0x00000000cae00000| Complete 
|  35|0x00000000caf00000, 0x00000000cb000000, 0x00000000cb000000|100%| E|CS|TAMS 0x00000000caf00000| PB 0x00000000caf00000| Complete 
|  36|0x00000000cb000000, 0x00000000cb100000, 0x00000000cb100000|100%| E|CS|TAMS 0x00000000cb000000| PB 0x00000000cb000000| Complete 
|  37|0x00000000cb100000, 0x00000000cb200000, 0x00000000cb200000|100%| E|CS|TAMS 0x00000000cb100000| PB 0x00000000cb100000| Complete 
|  38|0x00000000cb200000, 0x00000000cb300000, 0x00000000cb300000|100%| E|CS|TAMS 0x00000000cb200000| PB 0x00000000cb200000| Complete 
|  39|0x00000000cb300000, 0x00000000cb400000, 0x00000000cb400000|100%| E|CS|TAMS 0x00000000cb300000| PB 0x00000000cb300000| Complete 
|  40|0x00000000cb400000, 0x00000000cb500000, 0x00000000cb500000|100%| E|CS|TAMS 0x00000000cb400000| PB 0x00000000cb400000| Complete 
|  41|0x00000000cb500000, 0x00000000cb600000, 0x00000000cb600000|100%| E|CS|TAMS 0x00000000cb500000| PB 0x00000000cb500000| Complete 
|  42|0x00000000cb600000, 0x00000000cb700000, 0x00000000cb700000|100%| E|CS|TAMS 0x00000000cb600000| PB 0x00000000cb600000| Complete 
|  43|0x00000000cb700000, 0x00000000cb800000, 0x00000000cb800000|100%| E|CS|TAMS 0x00000000cb700000| PB 0x00000000cb700000| Complete 
|  44|0x00000000cb800000, 0x00000000cb900000, 0x00000000cb900000|100%| E|CS|TAMS 0x00000000cb800000| PB 0x00000000cb800000| Complete 
|  45|0x00000000cb900000, 0x00000000cba00000, 0x00000000cba00000|100%| E|CS|TAMS 0x00000000cb900000| PB 0x00000000cb900000| Complete 
|  46|0x00000000cba00000, 0x00000000cbb00000, 0x00000000cbb00000|100%| E|CS|TAMS 0x00000000cba00000| PB 0x00000000cba00000| Complete 
|  47|0x00000000cbb00000, 0x00000000cbc00000, 0x00000000cbc00000|100%| E|CS|TAMS 0x00000000cbb00000| PB 0x00000000cbb00000| Complete 
|  48|0x00000000cbc00000, 0x00000000cbd00000, 0x00000000cbd00000|100%| E|CS|TAMS 0x00000000cbc00000| PB 0x00000000cbc00000| Complete 
|  49|0x00000000cbd00000, 0x00000000cbe00000, 0x00000000cbe00000|100%| E|CS|TAMS 0x00000000cbd00000| PB 0x00000000cbd00000| Complete 
|  50|0x00000000cbe00000, 0x00000000cbf00000, 0x00000000cbf00000|100%| E|CS|TAMS 0x00000000cbe00000| PB 0x00000000cbe00000| Complete 
|  51|0x00000000cbf00000, 0x00000000cc000000, 0x00000000cc000000|100%| E|CS|TAMS 0x00000000cbf00000| PB 0x00000000cbf00000| Complete 
|  52|0x00000000cc000000, 0x00000000cc100000, 0x00000000cc100000|100%| E|CS|TAMS 0x00000000cc000000| PB 0x00000000cc000000| Complete 
|  53|0x00000000cc100000, 0x00000000cc200000, 0x00000000cc200000|100%| E|CS|TAMS 0x00000000cc100000| PB 0x00000000cc100000| Complete 
|  54|0x00000000cc200000, 0x00000000cc300000, 0x00000000cc300000|100%| E|  |TAMS 0x00000000cc200000| PB 0x00000000cc200000| Complete 
|  55|0x00000000cc300000, 0x00000000cc400000, 0x00000000cc400000|100%| E|CS|TAMS 0x00000000cc300000| PB 0x00000000cc300000| Complete 

Card table byte_map: [0x000001b6e1ea0000,0x000001b6e2060000] _byte_map_base: 0x000001b6e185a000

Marking Bits: (CMBitMap*) 0x000001b6c8e48dc0
 Bits: [0x000001b6e2220000, 0x000001b6e2ff0000)

Polling page: 0x000001b6c8ed0000

Metaspace:

Usage:
  Non-class:     12.20 MB used.
      Class:      1.53 MB used.
       Both:     13.73 MB used.

Virtual space:
  Non-class space:       64.00 MB reserved,      12.31 MB ( 19%) committed,  1 nodes.
      Class space:        1.00 GB reserved,       1.62 MB ( <1%) committed,  1 nodes.
             Both:        1.06 GB reserved,      13.94 MB (  1%) committed. 

Chunk freelists:
   Non-Class:  3.00 MB
       Class:  2.25 MB
        Both:  5.25 MB

MaxMetaspaceSize: unlimited
CompressedClassSpaceSize: 1.00 GB
Initial GC threshold: 21.00 MB
Current GC threshold: 21.00 MB
CDS: on
MetaspaceReclaimPolicy: balanced
 - commit_granule_bytes: 65536.
 - commit_granule_words: 8192.
 - virtual_space_node_default_size: 8388608.
 - enlarge_chunks_in_place: 1.
 - new_chunks_are_fully_committed: 0.
 - uncommit_free_chunks: 1.
 - use_allocation_guard: 0.


Internal statistics:

num_allocs_failed_limit: 0.
num_arena_births: 178.
num_arena_deaths: 0.
num_vsnodes_births: 2.
num_vsnodes_deaths: 0.
num_space_committed: 223.
num_space_uncommitted: 0.
num_chunks_returned_to_freelist: 0.
num_chunks_taken_from_freelist: 257.
num_chunk_merges: 0.
num_chunk_splits: 148.
num_chunks_enlarged: 71.
num_inconsistent_stats: 0.

CodeHeap 'non-profiled nmethods': size=120000Kb used=1619Kb max_used=1619Kb free=118380Kb
 bounds [0x000001b6da180000, 0x000001b6da3f0000, 0x000001b6e16b0000]
CodeHeap 'profiled nmethods': size=120000Kb used=5927Kb max_used=5927Kb free=114072Kb
 bounds [0x000001b6d26b0000, 0x000001b6d2c80000, 0x000001b6d9be0000]
CodeHeap 'non-nmethods': size=5760Kb used=1738Kb max_used=1771Kb free=4021Kb
 bounds [0x000001b6d9be0000, 0x000001b6d9e50000, 0x000001b6da180000]
 total_blobs=3837 nmethods=3113 adapters=633
 compilation: enabled
              stopped_count=0, restarted_count=0
 full_count=0

Compilation events (20 events):
Event: 11.694 Thread 0x000001b6e55e0110 nmethod 3100 0x000001b6da313290 code [0x000001b6da313420, 0x000001b6da3138b0]
Event: 11.694 Thread 0x000001b6e55e0110 3097       4       javax.swing.plaf.nimbus.NimbusDefaults$LazyStyle::matches (226 bytes)
Event: 11.702 Thread 0x000001b6e55e0110 nmethod 3097 0x000001b6da313a90 code [0x000001b6da313c60, 0x000001b6da314240]
Event: 11.702 Thread 0x000001b6e55e3fa0 3101       3       javax.swing.JComponent::getNextFocusableComponent (11 bytes)
Event: 11.702 Thread 0x000001b6e55e3fa0 nmethod 3101 0x000001b6d2c73d90 code [0x000001b6d2c73f20, 0x000001b6d2c74150]
Event: 11.705 Thread 0x000001b6e55e3fa0 3102       3       java.awt.BorderLayout::getChild (152 bytes)
Event: 11.705 Thread 0x000001b6e55e3fa0 nmethod 3102 0x000001b6d2c74210 code [0x000001b6d2c743c0, 0x000001b6d2c748d8]
Event: 11.711 Thread 0x000001b6e55e3fa0 3103       1       javax.swing.plaf.ComponentUI::getPreferredSize (2 bytes)
Event: 11.711 Thread 0x000001b6e55e3fa0 nmethod 3103 0x000001b6da314790 code [0x000001b6da314900, 0x000001b6da3149d0]
Event: 11.736 Thread 0x000001b6e55e3fa0 3104  s    3       javax.swing.RepaintManager::getPaintManager (107 bytes)
Event: 11.737 Thread 0x000001b6e55e3fa0 nmethod 3104 0x000001b6d2c74990 code [0x000001b6d2c74ba0, 0x000001b6d2c75410]
Event: 11.738 Thread 0x000001b6e55e3fa0 3105       3       sun.awt.windows.WComponentPeer::getBounds (11 bytes)
Event: 11.738 Thread 0x000001b6e55e3fa0 nmethod 3105 0x000001b6d2c75610 code [0x000001b6d2c757c0, 0x000001b6d2c75b58]
Event: 11.738 Thread 0x000001b6e55e3fa0 3106       1       sun.awt.windows.WObjectPeer::getTarget (5 bytes)
Event: 11.738 Thread 0x000001b6e55e3fa0 nmethod 3106 0x000001b6da314a90 code [0x000001b6da314c00, 0x000001b6da314cc8]
Event: 11.747 Thread 0x000001b6e55e0110 3107       4       sun.java2d.pipe.BufferedContext::validate (575 bytes)
Event: 11.748 Thread 0x000001b6e55e3fa0 3108       3       sun.java2d.pipe.BufferedPaints::resetPaint (18 bytes)
Event: 11.749 Thread 0x000001b6e55e3fa0 nmethod 3108 0x000001b6d2c75c90 code [0x000001b6d2c75e60, 0x000001b6d2c76160]
Event: 11.785 Thread 0x000001b6e55e3fa0 3110       3       sun.java2d.pipe.BufferedContext::resetTransform (19 bytes)
Event: 11.785 Thread 0x000001b6e55e3fa0 nmethod 3110 0x000001b6d2c76310 code [0x000001b6d2c764e0, 0x000001b6d2c767e8]

GC Heap History (6 events):
Event: 2.119 GC heap before
{Heap before GC invocations=0 (full 0):
 garbage-first heap   total 57344K, used 15360K [0x00000000c8c00000, 0x0000000100000000)
  region size 1024K, 13 young (13312K), 0 survivors (0K)
 Metaspace       used 11462K, committed 11712K, reserved 1114112K
  class space    used 1339K, committed 1472K, reserved 1048576K
}
Event: 2.130 GC heap after
{Heap after GC invocations=1 (full 0):
 garbage-first heap   total 57344K, used 4836K [0x00000000c8c00000, 0x0000000100000000)
  region size 1024K, 2 young (2048K), 2 survivors (2048K)
 Metaspace       used 11462K, committed 11712K, reserved 1114112K
  class space    used 1339K, committed 1472K, reserved 1048576K
}
Event: 4.935 GC heap before
{Heap before GC invocations=1 (full 0):
 garbage-first heap   total 57344K, used 22244K [0x00000000c8c00000, 0x0000000100000000)
  region size 1024K, 15 young (15360K), 2 survivors (2048K)
 Metaspace       used 13373K, committed 13568K, reserved 1114112K
  class space    used 1478K, committed 1536K, reserved 1048576K
}
Event: 4.944 GC heap after
{Heap after GC invocations=2 (full 0):
 garbage-first heap   total 57344K, used 10285K [0x00000000c8c00000, 0x0000000100000000)
  region size 1024K, 2 young (2048K), 2 survivors (2048K)
 Metaspace       used 13373K, committed 13568K, reserved 1114112K
  class space    used 1478K, committed 1536K, reserved 1048576K
}
Event: 8.173 GC heap before
{Heap before GC invocations=2 (full 0):
 garbage-first heap   total 57344K, used 31789K [0x00000000c8c00000, 0x0000000100000000)
  region size 1024K, 22 young (22528K), 2 survivors (2048K)
 Metaspace       used 13864K, committed 14080K, reserved 1114112K
  class space    used 1554K, committed 1664K, reserved 1048576K
}
Event: 8.176 GC heap after
{Heap after GC invocations=3 (full 0):
 garbage-first heap   total 57344K, used 10433K [0x00000000c8c00000, 0x0000000100000000)
  region size 1024K, 2 young (2048K), 2 survivors (2048K)
 Metaspace       used 13864K, committed 14080K, reserved 1114112K
  class space    used 1554K, committed 1664K, reserved 1048576K
}

Dll operation events (10 events):
Event: 0.013 Loaded shared library C:\Program Files\Java\jdk-20\bin\java.dll
Event: 0.037 Loaded shared library C:\Program Files\Java\jdk-20\bin\jsvml.dll
Event: 0.108 Loaded shared library C:\Program Files\Java\jdk-20\bin\net.dll
Event: 0.112 Loaded shared library C:\Program Files\Java\jdk-20\bin\nio.dll
Event: 0.117 Loaded shared library C:\Program Files\Java\jdk-20\bin\zip.dll
Event: 0.164 Loaded shared library C:\Program Files\Java\jdk-20\bin\jimage.dll
Event: 0.200 Loaded shared library C:\Program Files\Java\jdk-20\bin\awt.dll
Event: 0.515 Loaded shared library C:\Program Files\Java\jdk-20\bin\freetype.dll
Event: 0.517 Loaded shared library C:\Program Files\Java\jdk-20\bin\fontmanager.dll
Event: 1.308 Loaded shared library C:\Program Files\Java\jdk-20\bin\verify.dll

Deoptimization events (20 events):
Event: 7.833 Thread 0x000001b6e9bce6f0 DEOPT PACKING pc=0x000001b6da2d9518 sp=0x00000054d8dfb6d0
Event: 7.833 Thread 0x000001b6e9bce6f0 DEOPT UNPACKING pc=0x000001b6d9c49d22 sp=0x00000054d8dfb648 mode 2
Event: 8.029 Thread 0x000001b6e9bce6f0 DEOPT PACKING pc=0x000001b6d2a5cb61 sp=0x00000054d8dfae00
Event: 8.029 Thread 0x000001b6e9bce6f0 DEOPT UNPACKING pc=0x000001b6d9c4a4c2 sp=0x00000054d8dfa2b0 mode 0
Event: 10.698 Thread 0x000001b6e9bce6f0 Uncommon trap: trap_request=0xffffff45 fr.pc=0x000001b6da300b7c relative=0x0000000000000c9c
Event: 10.698 Thread 0x000001b6e9bce6f0 Uncommon trap: reason=unstable_if action=reinterpret pc=0x000001b6da300b7c method=javax.swing.plaf.synth.SynthButtonUI.getComponentState(Ljavax/swing/JComponent;)I @ 43 c2
Event: 10.698 Thread 0x000001b6e9bce6f0 DEOPT PACKING pc=0x000001b6da300b7c sp=0x00000054d8dfc8d0
Event: 10.698 Thread 0x000001b6e9bce6f0 DEOPT UNPACKING pc=0x000001b6d9c49d22 sp=0x00000054d8dfc888 mode 2
Event: 10.700 Thread 0x000001b6e9bce6f0 Uncommon trap: trap_request=0xffffff45 fr.pc=0x000001b6da291aac relative=0x0000000000002c6c
Event: 10.700 Thread 0x000001b6e9bce6f0 Uncommon trap: reason=unstable_if action=reinterpret pc=0x000001b6da291aac method=javax.swing.plaf.nimbus.NimbusStyle.get(Ljavax/swing/plaf/synth/SynthContext;Ljava/lang/Object;)Ljava/lang/Object; @ 96 c2
Event: 10.700 Thread 0x000001b6e9bce6f0 DEOPT PACKING pc=0x000001b6da291aac sp=0x00000054d8dfc6b0
Event: 10.700 Thread 0x000001b6e9bce6f0 DEOPT UNPACKING pc=0x000001b6d9c49d22 sp=0x00000054d8dfc698 mode 2
Event: 11.739 Thread 0x000001b6e9bce6f0 Uncommon trap: trap_request=0xffffffde fr.pc=0x000001b6da251b68 relative=0x0000000000001808
Event: 11.739 Thread 0x000001b6e9bce6f0 Uncommon trap: reason=class_check action=maybe_recompile pc=0x000001b6da251b68 method=sun.java2d.pipe.BufferedContext.validate(Lsun/java2d/pipe/hw/AccelSurface;Lsun/java2d/pipe/hw/AccelSurface;Lsun/java2d/pipe/Region;Ljava/awt/Composite;Ljava/awt/geom/Aff
Event: 11.739 Thread 0x000001b6e9bce6f0 DEOPT PACKING pc=0x000001b6da251b68 sp=0x00000054d8dfcff0
Event: 11.739 Thread 0x000001b6e9bce6f0 DEOPT UNPACKING pc=0x000001b6d9c49d22 sp=0x00000054d8dfcf78 mode 2
Event: 11.741 Thread 0x000001b6e9bce6f0 Uncommon trap: trap_request=0xffffffde fr.pc=0x000001b6da252188 relative=0x0000000000001e28
Event: 11.741 Thread 0x000001b6e9bce6f0 Uncommon trap: reason=class_check action=maybe_recompile pc=0x000001b6da252188 method=sun.java2d.pipe.BufferedContext.validate(Lsun/java2d/pipe/hw/AccelSurface;Lsun/java2d/pipe/hw/AccelSurface;Lsun/java2d/pipe/Region;Ljava/awt/Composite;Ljava/awt/geom/Aff
Event: 11.741 Thread 0x000001b6e9bce6f0 DEOPT PACKING pc=0x000001b6da252188 sp=0x00000054d8dfc990
Event: 11.741 Thread 0x000001b6e9bce6f0 DEOPT UNPACKING pc=0x000001b6d9c49d22 sp=0x00000054d8dfc918 mode 2

Classes loaded (20 events):
Event: 6.012 Loading class javax/swing/JWindow done
Event: 6.012 Loading class javax/swing/Popup$HeavyWeightWindow done
Event: 6.013 Loading class javax/swing/JComponent$ActionStandin
Event: 6.013 Loading class javax/swing/JComponent$ActionStandin done
Event: 7.578 Loading class java/awt/image/BufferedImageOp
Event: 7.578 Loading class java/awt/image/BufferedImageOp done
Event: 10.263 Loading class java/awt/Canvas
Event: 10.264 Loading class java/awt/Canvas done
Event: 10.264 Loading class java/awt/Scrollbar
Event: 10.264 Loading class java/awt/Scrollbar done
Event: 10.766 Loading class java/awt/KeyboardFocusManager$2
Event: 10.766 Loading class java/awt/KeyboardFocusManager$2 done
Event: 10.767 Loading class sun/awt/SunToolkit$1
Event: 10.767 Loading class sun/awt/SunToolkit$1 done
Event: 10.783 Loading class java/awt/Window$1DisposeAction
Event: 10.784 Loading class java/awt/Window$1DisposeAction done
Event: 10.789 Loading class javax/swing/Autoscroller
Event: 10.789 Loading class javax/swing/Autoscroller done
Event: 10.790 Loading class java/awt/LightweightDispatcher$2
Event: 10.790 Loading class java/awt/LightweightDispatcher$2 done

Classes unloaded (0 events):
No events

Classes redefined (0 events):
No events

Internal exceptions (20 events):
Event: 0.603 Thread 0x000001b6c8e0c8d0 Exception <a 'java/lang/ClassNotFoundException'{0x00000000cbfd9f88}: ToolTip> (0x00000000cbfd9f88) 
thrown [s\open\src\hotspot\share\classfile\systemDictionary.cpp, line 305]
Event: 0.605 Thread 0x000001b6c8e0c8d0 Exception <a 'java/lang/ClassNotFoundException'{0x00000000cbfda8c8}: Tree> (0x00000000cbfda8c8) 
thrown [s\open\src\hotspot\share\classfile\systemDictionary.cpp, line 305]
Event: 0.606 Thread 0x000001b6c8e0c8d0 Exception <a 'java/lang/ClassNotFoundException'{0x00000000cbfdadc0}: Tree> (0x00000000cbfdadc0) 
thrown [s\open\src\hotspot\share\classfile\systemDictionary.cpp, line 305]
Event: 0.606 Thread 0x000001b6c8e0c8d0 Exception <a 'java/lang/ClassNotFoundException'{0x00000000cbfdb130}: javax/swing/JTreeCell> (0x00000000cbfdb130) 
thrown [s\open\src\hotspot\share\classfile\systemDictionary.cpp, line 305]
Event: 0.606 Thread 0x000001b6c8e0c8d0 Exception <a 'java/lang/ClassNotFoundException'{0x00000000cbfdb438}: TreeCell> (0x00000000cbfdb438) 
thrown [s\open\src\hotspot\share\classfile\systemDictionary.cpp, line 305]
Event: 0.607 Thread 0x000001b6c8e0c8d0 Exception <a 'java/lang/ClassNotFoundException'{0x00000000cbfdbbe0}: RootPane> (0x00000000cbfdbbe0) 
thrown [s\open\src\hotspot\share\classfile\systemDictionary.cpp, line 305]
Event: 0.611 Thread 0x000001b6c8e0c8d0 Exception <a 'java/lang/ClassNotFoundException'{0x00000000cbfde988}: com/sun/swing/internal/plaf/metal/resources/spi/metalProvider> (0x00000000cbfde988) 
thrown [s\open\src\hotspot\share\classfile\systemDictionary.cpp, line 305]
Event: 0.613 Thread 0x000001b6c8e0c8d0 Exception <a 'java/lang/ClassNotFoundException'{0x00000000cbfe2638}: com/sun/swing/internal/plaf/basic/resources/spi/basicProvider> (0x00000000cbfe2638) 
thrown [s\open\src\hotspot\share\classfile\systemDictionary.cpp, line 305]
Event: 0.827 Thread 0x000001b6e9bce6f0 Exception <a 'java/lang/ClassNotFoundException'{0x00000000cbe9dc50}: com/sun/swing/internal/plaf/synth/resources/spi/synthProvider> (0x00000000cbe9dc50) 
thrown [s\open\src\hotspot\share\classfile\systemDictionary.cpp, line 305]
Event: 0.869 Thread 0x000001b6e9bce6f0 Exception <a 'java/lang/NoSuchMethodError'{0x00000000cbee14e0}: 'int java.lang.invoke.Invokers$Holder.invokeExact_MT(java.lang.Object, java.lang.Object)'> (0x00000000cbee14e0) 
thrown [s\open\src\hotspot\share\interpreter\linkResolver.cpp, line 773]
Event: 1.068 Thread 0x000001b6eab0ed10 Exception <a 'java/lang/NoSuchMethodError'{0x00000000cbb6ac78}: 'java.lang.Object java.lang.invoke.DirectMethodHandle$Holder.newInvokeSpecial(java.lang.Object, java.lang.Object, java.lang.Object, int, int, int, int, int)'> (0x00000000cbb6ac78) 
thrown [s\open\src\hotspot\share\interpreter\linkResolver.cpp, line 773]
Event: 1.190 Thread 0x000001b6eab0ed10 Exception <a 'java/lang/InterruptedException'{0x00000000cbadf1e0}: sleep interrupted> (0x00000000cbadf1e0) 
thrown [s\open\src\hotspot\share\prims\jvm.cpp, line 3064]
Event: 1.199 Thread 0x000001b6e9bce6f0 Exception <a 'java/lang/NoSuchMethodError'{0x00000000cbc690c0}: 'java.lang.Object java.lang.invoke.DirectMethodHandle$Holder.newInvokeSpecial(java.lang.Object, java.lang.Object, int)'> (0x00000000cbc690c0) 
thrown [s\open\src\hotspot\share\interpreter\linkResolver.cpp, line 773]
Event: 1.201 Thread 0x000001b6e9bce6f0 Exception <a 'java/lang/NoSuchMethodError'{0x00000000cbc6db78}: 'int java.lang.invoke.DirectMethodHandle$Holder.invokeSpecial(java.lang.Object, java.lang.Object, java.lang.Object, int)'> (0x00000000cbc6db78) 
thrown [s\open\src\hotspot\share\interpreter\linkResolver.cpp, line 773]
Event: 1.204 Thread 0x000001b6e9bce6f0 Exception <a 'java/lang/NoSuchMethodError'{0x00000000cbc80138}: 'java.lang.Object java.lang.invoke.DirectMethodHandle$Holder.invokeStatic(java.lang.Object, java.lang.Object, java.lang.Object, java.lang.Object, int)'> (0x00000000cbc80138) 
thrown [s\open\src\hotspot\share\interpreter\linkResolver.cpp, line 773]
Event: 1.205 Thread 0x000001b6e9bce6f0 Exception <a 'java/lang/NoSuchMethodError'{0x00000000cbae8b58}: 'int java.lang.invoke.DirectMethodHandle$Holder.invokeSpecial(java.lang.Object, java.lang.Object, java.lang.Object)'> (0x00000000cbae8b58) 
thrown [s\open\src\hotspot\share\interpreter\linkResolver.cpp, line 773]
Event: 1.750 Thread 0x000001b6e9b035f0 Exception <a 'java/lang/NoSuchMethodError'{0x00000000cc00f820}: 'void java.lang.invoke.DirectMethodHandle$Holder.invokeVirtual(java.lang.Object, java.lang.Object)'> (0x00000000cc00f820) 
thrown [s\open\src\hotspot\share\interpreter\linkResolver.cpp, line 773]
Event: 1.811 Thread 0x000001b6e9bce6f0 Exception <a 'java/lang/NoSuchMethodError'{0x00000000cb793400}: 'void java.lang.invoke.DirectMethodHandle$Holder.invokeStaticInit(java.lang.Object)'> (0x00000000cb793400) 
thrown [s\open\src\hotspot\share\interpreter\linkResolver.cpp, line 773]
Event: 5.164 Thread 0x000001b6e9bce6f0 Exception <a 'java/lang/NoSuchMethodError'{0x00000000cc202348}: 'void java.lang.invoke.DirectMethodHandle$Holder.invokeStatic(java.lang.Object, java.lang.Object)'> (0x00000000cc202348) 
thrown [s\open\src\hotspot\share\interpreter\linkResolver.cpp, line 773]
Event: 5.218 Thread 0x000001b6e9bce6f0 Exception <a 'java/lang/NoSuchMethodError'{0x00000000cc217410}: 'int java.lang.invoke.DirectMethodHandle$Holder.invokeStatic(java.lang.Object)'> (0x00000000cc217410) 
thrown [s\open\src\hotspot\share\interpreter\linkResolver.cpp, line 773]

VM Operations (20 events):
Event: 3.394 Executing VM operation: ICBufferFull
Event: 3.395 Executing VM operation: ICBufferFull done
Event: 4.409 Executing VM operation: Cleanup
Event: 4.410 Executing VM operation: Cleanup done
Event: 4.935 Executing VM operation: G1CollectForAllocation
Event: 4.944 Executing VM operation: G1CollectForAllocation done
Event: 5.188 Executing VM operation: HandshakeAllThreads
Event: 5.188 Executing VM operation: HandshakeAllThreads done
Event: 6.189 Executing VM operation: Cleanup
Event: 6.190 Executing VM operation: Cleanup done
Event: 7.199 Executing VM operation: Cleanup
Event: 7.199 Executing VM operation: Cleanup done
Event: 8.173 Executing VM operation: G1CollectForAllocation
Event: 8.177 Executing VM operation: G1CollectForAllocation done
Event: 9.178 Executing VM operation: Cleanup
Event: 9.178 Executing VM operation: Cleanup done
Event: 10.189 Executing VM operation: Cleanup
Event: 10.190 Executing VM operation: Cleanup done
Event: 11.194 Executing VM operation: Cleanup
Event: 11.194 Executing VM operation: Cleanup done

Events (20 events):
Event: 0.037 Thread 0x000001b6c8e0c8d0 Thread added: 0x000001b6c8e0c8d0
Event: 0.058 Thread 0x000001b6e55d32e0 Thread added: 0x000001b6e55d32e0
Event: 0.058 Thread 0x000001b6e55d7950 Thread added: 0x000001b6e55d7950
Event: 0.058 Thread 0x000001b6e55d99f0 Thread added: 0x000001b6e55d99f0
Event: 0.059 Thread 0x000001b6e55da360 Thread added: 0x000001b6e55da360
Event: 0.059 Thread 0x000001b6e55da8b0 Thread added: 0x000001b6e55da8b0
Event: 0.059 Thread 0x000001b6e55df5c0 Thread added: 0x000001b6e55df5c0
Event: 0.059 Thread 0x000001b6e55e0110 Thread added: 0x000001b6e55e0110
Event: 0.059 Thread 0x000001b6e55e3fa0 Thread added: 0x000001b6e55e3fa0
Event: 0.098 Thread 0x000001b6e989a550 Thread added: 0x000001b6e989a550
Event: 0.102 Thread 0x000001b6e98d0f40 Thread added: 0x000001b6e98d0f40
Event: 0.317 Thread 0x000001b6e9ade0a0 Thread added: 0x000001b6e9ade0a0
Event: 0.320 Thread 0x000001b6e9b02470 Thread added: 0x000001b6e9b02470
Event: 0.322 Thread 0x000001b6e9b035f0 Thread added: 0x000001b6e9b035f0
Event: 0.636 Thread 0x000001b6e9bce6f0 Thread added: 0x000001b6e9bce6f0
Event: 0.636 Thread 0x000001b6c8e0c8d0 Thread exited: 0x000001b6c8e0c8d0
Event: 0.636 Thread 0x000001b6c8e0c8d0 Thread added: 0x000001b6c8e0c8d0
Event: 1.014 Thread 0x000001b6eab0ed10 Thread added: 0x000001b6eab0ed10
Event: 1.411 Thread 0x000001b6eab11240 Thread added: 0x000001b6eab11240
Event: 2.415 Thread 0x000001b6eab10cf0 Thread added: 0x000001b6eab10cf0


Dynamic libraries:
0x00007ff694050000 - 0x00007ff694060000 	C:\Program Files\Java\jdk-20\bin\java.exe
0x00007ff9bb6e0000 - 0x00007ff9bb947000 	C:\WINDOWS\SYSTEM32\ntdll.dll
0x00007ff9bb3c0000 - 0x00007ff9bb489000 	C:\WINDOWS\System32\KERNEL32.DLL
0x00007ff9b8bd0000 - 0x00007ff9b8fbf000 	C:\WINDOWS\System32\KERNELBASE.dll
0x00007ff9b9270000 - 0x00007ff9b93bb000 	C:\WINDOWS\System32\ucrtbase.dll
0x00007ff9ae6b0000 - 0x00007ff9ae6cb000 	C:\Program Files\Java\jdk-20\bin\VCRUNTIME140.dll
0x00007ff9a84c0000 - 0x00007ff9a84d9000 	C:\Program Files\Java\jdk-20\bin\jli.dll
0x00007ff9bb550000 - 0x00007ff9bb604000 	C:\WINDOWS\System32\ADVAPI32.dll
0x00007ff9ba6b0000 - 0x00007ff9ba759000 	C:\WINDOWS\System32\msvcrt.dll
0x00007ff9bb010000 - 0x00007ff9bb0b6000 	C:\WINDOWS\System32\sechost.dll
0x00007ff9b9a70000 - 0x00007ff9b9b88000 	C:\WINDOWS\System32\RPCRT4.dll
0x00007ff9b95d0000 - 0x00007ff9b9795000 	C:\WINDOWS\System32\USER32.dll
0x00007ff9b8fd0000 - 0x00007ff9b8ff7000 	C:\WINDOWS\System32\win32u.dll
0x00007ff9a2ac0000 - 0x00007ff9a2d53000 	C:\WINDOWS\WinSxS\amd64_microsoft.windows.common-controls_6595b64144ccf1df_6.0.26100.7309_none_3e05feeae336a044\COMCTL32.dll
0x00007ff9bafe0000 - 0x00007ff9bb00b000 	C:\WINDOWS\System32\GDI32.dll
0x00007ff9b90b0000 - 0x00007ff9b91dc000 	C:\WINDOWS\System32\gdi32full.dll
0x00007ff9b9000000 - 0x00007ff9b90a3000 	C:\WINDOWS\System32\msvcp_win.dll
0x00007ff9ae370000 - 0x00007ff9ae37b000 	C:\WINDOWS\SYSTEM32\VERSION.dll
0x00007ff9b9570000 - 0x00007ff9b95a1000 	C:\WINDOWS\System32\IMM32.DLL
0x00007ff9b0840000 - 0x00007ff9b084c000 	C:\Program Files\Java\jdk-20\bin\vcruntime140_1.dll
0x00007ff991b40000 - 0x00007ff991bce000 	C:\Program Files\Java\jdk-20\bin\msvcp140.dll
0x00007ff9261d0000 - 0x00007ff926e68000 	C:\Program Files\Java\jdk-20\bin\server\jvm.dll
0x00007ff9b0850000 - 0x00007ff9b085a000 	C:\WINDOWS\SYSTEM32\WSOCK32.dll
0x00007ff9bb1c0000 - 0x00007ff9bb234000 	C:\WINDOWS\System32\WS2_32.dll
0x00007ff9ae330000 - 0x00007ff9ae365000 	C:\WINDOWS\SYSTEM32\WINMM.dll
0x00007ff9b75e0000 - 0x00007ff9b75fb000 	C:\WINDOWS\SYSTEM32\kernel.appcore.dll
0x00007ff9aa810000 - 0x00007ff9aa81a000 	C:\Program Files\Java\jdk-20\bin\jimage.dll
0x00007ff9b5fe0000 - 0x00007ff9b6222000 	C:\WINDOWS\SYSTEM32\DBGHELP.DLL
0x00007ff9babf0000 - 0x00007ff9baf75000 	C:\WINDOWS\System32\combase.dll
0x00007ff9b9b90000 - 0x00007ff9b9c66000 	C:\WINDOWS\System32\OLEAUT32.dll
0x00007ff99f320000 - 0x00007ff99f35c000 	C:\WINDOWS\SYSTEM32\dbgcore.DLL
0x00007ff9b8830000 - 0x00007ff9b88d5000 	C:\WINDOWS\System32\bcryptPrimitives.dll
0x00007ff9a7fa0000 - 0x00007ff9a7fc6000 	C:\Program Files\Java\jdk-20\bin\java.dll
0x00007ff988060000 - 0x00007ff988137000 	C:\Program Files\Java\jdk-20\bin\jsvml.dll
0x00007ff9b9f50000 - 0x00007ff9ba6a3000 	C:\WINDOWS\System32\SHELL32.dll
0x00007ff9b88e0000 - 0x00007ff9b8a4a000 	C:\WINDOWS\System32\wintypes.dll
0x00007ff9b6470000 - 0x00007ff9b6cce000 	C:\WINDOWS\SYSTEM32\windows.storage.dll
0x00007ff9b9ca0000 - 0x00007ff9b9d95000 	C:\WINDOWS\System32\SHCORE.dll
0x00007ff9b97a0000 - 0x00007ff9b9806000 	C:\WINDOWS\System32\shlwapi.dll
0x00007ff9b8750000 - 0x00007ff9b8779000 	C:\WINDOWS\SYSTEM32\profapi.dll
0x00007ff9a7f80000 - 0x00007ff9a7f93000 	C:\Program Files\Java\jdk-20\bin\net.dll
0x00007ff9afc30000 - 0x00007ff9afd58000 	C:\WINDOWS\SYSTEM32\WINHTTP.dll
0x00007ff9b7b50000 - 0x00007ff9b7bbb000 	C:\WINDOWS\system32\mswsock.dll
0x00007ff9a7f60000 - 0x00007ff9a7f76000 	C:\Program Files\Java\jdk-20\bin\nio.dll
0x00007ff9a7f10000 - 0x00007ff9a7f28000 	C:\Program Files\Java\jdk-20\bin\zip.dll
0x00007ff978e10000 - 0x00007ff978fa1000 	C:\Program Files\Java\jdk-20\bin\awt.dll
0x00007ff9b3a70000 - 0x00007ff9b3b0f000 	C:\WINDOWS\SYSTEM32\apphelp.dll
0x00007ff9b5000000 - 0x00007ff9b50ab000 	C:\WINDOWS\system32\uxtheme.dll
0x00007ff9bb240000 - 0x00007ff9bb39e000 	C:\WINDOWS\System32\MSCTF.dll
0x00007ff9b9db0000 - 0x00007ff9b9f47000 	C:\WINDOWS\System32\ole32.dll
0x00007ff9b5a60000 - 0x00007ff9b5a90000 	C:\WINDOWS\system32\DWMAPI.DLL
0x00007ff991660000 - 0x00007ff9916e6000 	C:\Program Files\Java\jdk-20\bin\freetype.dll
0x00007ff97f730000 - 0x00007ff97f803000 	C:\Program Files\Java\jdk-20\bin\fontmanager.dll
0x00007ff96aea0000 - 0x00007ff96afb0000 	C:\WINDOWS\system32\opengl32.dll
0x00007ff9b0f80000 - 0x00007ff9b0fad000 	C:\WINDOWS\SYSTEM32\GLU32.dll
0x00007ff9b56b0000 - 0x00007ff9b56f4000 	C:\WINDOWS\SYSTEM32\dxcore.dll
0x00007ff96a450000 - 0x00007ff96a603000 	C:\WINDOWS\system32\d3d9.dll
0x00007ff9ae400000 - 0x00007ff9ae5b8000 	C:\WINDOWS\System32\DriverStore\FileRepository\u0379124.inf_amd64_8773bc065cfe07b7\B377477\aticfx64.dll
0x00007ff992340000 - 0x00007ff992374000 	C:\WINDOWS\System32\DriverStore\FileRepository\u0379124.inf_amd64_8773bc065cfe07b7\B377477\atiu9p64.dll
0x00007ff920140000 - 0x00007ff920e94000 	C:\WINDOWS\System32\DriverStore\FileRepository\u0379124.inf_amd64_8773bc065cfe07b7\B377477\atiumd64.dll
0x0000000052d00000 - 0x0000000053b73000 	C:\WINDOWS\System32\DriverStore\FileRepository\u0379124.inf_amd64_8773bc065cfe07b7\B377477\atiumd6a.dll
0x00007ff9ba760000 - 0x00007ff9babea000 	C:\WINDOWS\System32\SETUPAPI.dll
0x00007ff9b86b0000 - 0x00007ff9b870e000 	C:\WINDOWS\SYSTEM32\POWRPROF.dll
0x00007ff9b8690000 - 0x00007ff9b86a4000 	C:\WINDOWS\SYSTEM32\UMPDC.dll
0x00007ff9abe80000 - 0x00007ff9abeb0000 	C:\WINDOWS\SYSTEM32\amdihk64.dll
0x00007ff9aef40000 - 0x00007ff9aefa3000 	C:\WINDOWS\SYSTEM32\directxdatabasehelper.dll
0x00007ff9a9d80000 - 0x00007ff9a9d90000 	C:\Program Files\Java\jdk-20\bin\verify.dll
0x00007ff9bb490000 - 0x00007ff9bb540000 	C:\WINDOWS\System32\clbcatq.dll
0x00007ff9b52e0000 - 0x00007ff9b5510000 	C:\WINDOWS\SYSTEM32\WindowsCodecs.dll
0x00007ff9a4a90000 - 0x00007ff9a4aea000 	C:\WINDOWS\system32\dataexchange.dll
0x00007ff9ab470000 - 0x00007ff9ab6b4000 	C:\WINDOWS\system32\twinapi.appcore.dll
0x00007ff9a7840000 - 0x00007ff9a7988000 	C:\WINDOWS\SYSTEM32\textinputframework.dll
0x00007ff9b2ce0000 - 0x00007ff9b2e07000 	C:\WINDOWS\SYSTEM32\CoreMessaging.dll
0x00007ff9ae8f0000 - 0x00007ff9aebd2000 	C:\WINDOWS\SYSTEM32\CoreUIComponents.dll
0x00007ff9b7e30000 - 0x00007ff9b7e3c000 	C:\WINDOWS\SYSTEM32\CRYPTBASE.DLL

dbghelp: loaded successfully - version: 4.0.5 - missing functions: none
symbol engine: initialized successfully - sym options: 0x614 - pdb path: .;C:\Program Files\Java\jdk-20\bin;C:\WINDOWS\SYSTEM32;C:\WINDOWS\WinSxS\amd64_microsoft.windows.common-controls_6595b64144ccf1df_6.0.26100.7309_none_3e05feeae336a044;C:\Program Files\Java\jdk-20\bin\server;C:\WINDOWS\System32\DriverStore\FileRepository\u0379124.inf_amd64_8773bc065cfe07b7\B377477

VM Arguments:
jvm_args: -Dfile.encoding=UTF-8 
java_command: fincker.app.dashboardView
java_class_path (initial): D:\Netbeans\NetBeans-17\netbeans\java\modules\ext\AbsoluteLayout.jar;C:\Users\USER\Downloads\jcalendar-1.4.jar;D:\NetBeans_Project\FinCker_App\build\classes
Launcher Type: SUN_STANDARD

[Global flags]
     intx CICompilerCount                          = 3                                         {product} {ergonomic}
     uint ConcGCThreads                            = 1                                         {product} {ergonomic}
     uint G1ConcRefinementThreads                  = 4                                         {product} {ergonomic}
   size_t G1HeapRegionSize                         = 1048576                                   {product} {ergonomic}
    uintx GCDrainStackTargetSize                   = 64                                        {product} {ergonomic}
   size_t InitialHeapSize                          = 58720256                                  {product} {ergonomic}
   size_t MarkStackSize                            = 4194304                                   {product} {ergonomic}
   size_t MaxHeapSize                              = 926941184                                 {product} {ergonomic}
   size_t MaxNewSize                               = 555745280                                 {product} {ergonomic}
   size_t MinHeapDeltaBytes                        = 1048576                                   {product} {ergonomic}
   size_t MinHeapSize                              = 8388608                                   {product} {ergonomic}
    uintx NonNMethodCodeHeapSize                   = 5832780                                {pd product} {ergonomic}
    uintx NonProfiledCodeHeapSize                  = 122912730                              {pd product} {ergonomic}
    uintx ProfiledCodeHeapSize                     = 122912730                              {pd product} {ergonomic}
    uintx ReservedCodeCacheSize                    = 251658240                              {pd product} {ergonomic}
     bool SegmentedCodeCache                       = true                                      {product} {ergonomic}
   size_t SoftMaxHeapSize                          = 926941184                              {manageable} {ergonomic}
     bool UseCompressedClassPointers               = true                           {product lp64_product} {ergonomic}
     bool UseCompressedOops                        = true                           {product lp64_product} {ergonomic}
     bool UseG1GC                                  = true                                      {product} {ergonomic}
     bool UseLargePagesIndividualAllocation        = false                                  {pd product} {ergonomic}

Logging:
Log output configuration:
 #0: stdout all=warning uptime,level,tags foldmultilines=false
 #1: stderr all=off uptime,level,tags foldmultilines=false

Environment Variables:
PATH=C:\Program Files\Common Files\Oracle\Java\javapath;C:\WINDOWS\system32;C:\WINDOWS;C:\WINDOWS\System32\Wbem;C:\WINDOWS\System32\WindowsPowerShell\v1.0\;C:\WINDOWS\System32\OpenSSH\;C:\Program Files\Git\cmd;C:\Program Files\MySQL\MySQL Server 8.0\bin;C:\xampp7\php;C:\xampp\php;C:\ProgramData\ComposerSetup\bin;C:\Users\USER\AppData\Local\Yarn\config\global\node_modules\.bin;C:\Users\USER\AppData\Roaming\Composer\vendor\bin;C:\Users\USER\AppData\Roaming\npm;D:\laragon\bin;D:\laragon\bin\apache\httpd-2.4.62-240718-win64-VS17\bin;D:\laragon\bin\composer;D:\laragon\bin\git\bin;D:\laragon\bin\git\cmd;D:\laragon\bin\git\mingw64\bin;D:\laragon\bin\git\usr\bin;D:\laragon\bin\laragon\utils;D:\laragon\bin\mysql\mysql-8.0.30-winx64\bin;D:\laragon\bin\nginx\nginx-1.22.0;D:\laragon\bin\ngrok;D:\laragon\bin\nodejs\node-v22.13.0;D:\laragon\bin\notepad++;D:\laragon\bin\php\php-8.3.10-Win32-vs16-x64;D:\laragon\bin\python\python-3.10;D:\laragon\bin\python\python-3.10\Scripts;D:\laragon\bin\redis\redis-x64-5.0.14.1;D:\laragon\bin\telnet;D:\laragon\usr\bin;C:\Users\USER\AppData\Local\Programs\Python\Python310\Scripts\;C:\Users\USER\AppData\Local\Programs\Python\Python310\;C:\Users\USER\AppData\Local\Microsoft\WindowsApps;C:\Users\USER\AppData\Local\Programs\Microsoft VS Code\bin;C:\Users\USER\AppData\Local\Microsoft\WinGet\Packages\Schniz.fnm_Microsoft.Winget.Source_8wekyb3d8bbwe;
USERNAME=USER
OS=Windows_NT
PROCESSOR_IDENTIFIER=AMD64 Family 23 Model 24 Stepping 1, AuthenticAMD
TMP=C:\Users\USER\AppData\Local\Temp
TEMP=C:\Users\USER\AppData\Local\Temp




---------------  S Y S T E M  ---------------

OS:
 Windows 11 , 64 bit Build 26100 (10.0.26100.7309)
OS uptime: 28 days 3:36 hours

CPU: total 4 (initial active 4) (4 cores per cpu, 2 threads per core) family 23 model 24 stepping 1 microcode 0x8108109, cx8, cmov, fxsr, ht, mmx, 3dnowpref, sse, sse2, sse3, ssse3, sse4a, sse4.1, sse4.2, popcnt, lzcnt, tsc, tscinvbit, avx, avx2, aes, clmul, bmi1, bmi2, adx, sha, fma, vzeroupper, clflush, clflushopt, rdtscp, f16c

Memory: 4k page, system-wide physical 3534M (148M free)
TotalPageFile size 14286M (AvailPageFile size 1M)
current process WorkingSet (physical memory assigned to process): 164M, peak: 167M
current process commit charge ("private bytes"): 292M, peak: 292M

vm_info: Java HotSpot(TM) 64-Bit Server VM (20.0.2+9-78) for windows-amd64 JRE (20.0.2+9-78), built on 2023-06-14T10:08:48Z by "mach5one" with MS VC++ 17.1 (VS2022)

END.
